#
# A fatal error has been detected by the Java Runtime Environment:
#
#  SIGSEGV (0xb) at pc=0x0000000110832c30, pid=2528, tid=19203
#
# JRE version: Java(TM) SE Runtime Environment (8.0_51-b16) (build 1.8.0_51-b16)
# Java VM: Java HotSpot(TM) 64-Bit Server VM (25.51-b03 mixed mode bsd-amd64 compressed oops)
# Problematic frame:
# V  [libjvm.dylib+0x432c30]
#
# Failed to write core dump. Core dumps have been disabled. To enable core dumping, try "ulimit -c unlimited" before starting Java again
#
# If you would like to submit a bug report, please visit:
#   http://bugreport.java.com/bugreport/crash.jsp
#

---------------  T H R E A D  ---------------

Current thread (0x00007ff789046800):  JavaThread "JDWP Transport Listener: dt_socket" daemon [_thread_in_vm, id=19203, stack(0x0000700000f47000,0x0000700001047000)]

siginfo: si_signo: 11 (SIGSEGV), si_code: 0 (unknown), si_addr: 0x0000000000000000

Registers:
RAX=0x0000000000000001, RBX=0x0000700001046a8b, RCX=0x0000000110bfa190, RDX=0x0000700001046a8b
RSP=0x00007000010469d0, RBP=0x00007000010469e0, RSI=0x00007ff789046800, RDI=0x382ef088f77f0003
R8 =0x0000000000000000, R9 =0x00007ff78a877710, R10=0x00000000d3ebc7cb, R11=0x00007ff78a800000
R12=0x00007ff789046800, R13=0x382ef088f77f0003, R14=0x382ef088f77f0003, R15=0x00007ff788d02d00
RIP=0x0000000110832c30, EFLAGS=0x0000000000010206, ERR=0x0000000000000000
  TRAPNO=0x000000000000000d

Top of Stack: (sp=0x00007000010469d0)
0x00007000010469d0:   0000700001046a8b 0000700001046a8b
0x00007000010469e0:   0000700001046a40 0000000110742f8e
0x00007000010469f0:   00007ff789046800 0000000000000000
0x0000700001046a00:   0000000000000000 0000000000000000
0x0000700001046a10:   00007ff789046800 00007ff789046800
0x0000700001046a20:   0000700001046a8b 0000700001046a90
0x0000700001046a30:   382ef088f77f0003 0000000000000006
0x0000700001046a40:   0000700001046a60 00000001113be780
0x0000700001046a50:   0000000000000001 0000700001046b08
0x0000700001046a60:   0000700001046ad0 00000001113a31f3
0x0000700001046a70:   0000700001046aa0 00007ff78a876200
0x0000700001046a80:   0000000700000032 0000000100046b08
0x0000700001046a90:   0000000000000000 0000000000000000
0x0000700001046aa0:   0000000000000000 0000700001046c90
0x0000700001046ab0:   00000001113c5e7a 00007ff78a875b40
0x0000700001046ac0:   0000700001046b08 00000001113d1598
0x0000700001046ad0:   0000700001046ae0 00000001113a32ec
0x0000700001046ae0:   0000700001046d00 00000001113ac898
0x0000700001046af0:   0001abaf00000013 00000000000f0200
0x0000700001046b00:   00007ff78a875b60 00007ff78a878925
0x0000700001046b10:   00007ff7000001d3 00007ff78a875980
0x0000700001046b20:   000000000000012c 0000700001046b58
0x0000700001046b30:   00007ff78a875980 0000000000000000
0x0000700001046b40:   0001abaf0000000f 00007fff00008380
0x0000700001046b50:   0000700001046b58 f77f000007000000
0x0000700001046b60:   06000000402ef088 00003e74696e693c
0x0000700001046b70:   0000005629280300 7f00000100000000
0x0000700001046b80:   0000005033908af7 6d65744964646107
0x0000700001046b90:   6e654c2816000000 726f432f79746974
0x0000700001046ba0:   3b797469746e4565 0000000000005629
0x0000700001046bb0:   908af77f00000100 64610b0000006033
0x0000700001046bc0:   6d6574496c6c4164 6a4c281300000073 

Instructions: (pc=0x0000000110832c30)
0x0000000110832c10:   40 48 48 85 c0 75 e0 30 c0 0f b6 c0 5d c3 31 c0
0x0000000110832c20:   5d c3 55 48 89 e5 53 48 83 ec 08 48 85 ff 74 24
0x0000000110832c30:   48 8b 1f 48 85 db 74 1c 48 83 fb 37 74 16 48 8b
0x0000000110832c40:   03 48 89 df ff 50 10 84 c0 b8 00 00 00 00 48 0f 

Register to memory mapping:

RAX=0x0000000000000001 is an unknown value
RBX=0x0000700001046a8b is pointing into the stack for thread: 0x00007ff789046800
RCX=0x0000000110bfa190: UseMembar+0 in /Library/Java/JavaVirtualMachines/jdk1.8.0_51.jdk/Contents/Home/jre/lib/server/libjvm.dylib at 0x0000000110400000
RDX=0x0000700001046a8b is pointing into the stack for thread: 0x00007ff789046800
RSP=0x00007000010469d0 is pointing into the stack for thread: 0x00007ff789046800
RBP=0x00007000010469e0 is pointing into the stack for thread: 0x00007ff789046800
RSI=0x00007ff789046800 is a thread
RDI=0x382ef088f77f0003 is an unknown value
R8 =0x0000000000000000 is an unknown value
R9 =0x00007ff78a877710 is an unknown value
R10=0x00000000d3ebc7cb is an unknown value
R11=0x00007ff78a800000 is an unknown value
R12=0x00007ff789046800 is a thread
R13=0x382ef088f77f0003 is an unknown value
R14=0x382ef088f77f0003 is an unknown value
R15=0x00007ff788d02d00 is an unknown value


Stack: [0x0000700000f47000,0x0000700001047000],  sp=0x00007000010469d0,  free space=1022k
Native frames: (J=compiled Java code, j=interpreted, Vv=VM code, C=native code)
V  [libjvm.dylib+0x432c30]
V  [libjvm.dylib+0x342f8e]
C  [libjdwp.dylib+0x20780]  isMethodSynthetic+0x63
C  [libjdwp.dylib+0x51f3]  methods1+0x10b
C  [libjdwp.dylib+0x52ec]  methodsWithGeneric+0xe
C  [libjdwp.dylib+0xe898]  debugLoop_run+0x1ce
C  [libjdwp.dylib+0x1f6ba]  attachThread+0x4d
V  [libjvm.dylib+0x383f3c]
V  [libjvm.dylib+0x549a6f]
V  [libjvm.dylib+0x54b160]
V  [libjvm.dylib+0x46e99e]
C  [libsystem_pthread.dylib+0x3c13]  _pthread_body+0x83
C  [libsystem_pthread.dylib+0x3b90]  _pthread_body+0x0
C  [libsystem_pthread.dylib+0x1375]  thread_start+0xd
C  0x0000000000000000


---------------  P R O C E S S  ---------------

Java Threads: ( => current thread )
  0x00007ff78b0a4800 JavaThread "Service Thread" daemon [_thread_blocked, id=22787, stack(0x000070000165c000,0x000070000175c000)]
  0x00007ff78c009800 JavaThread "C1 CompilerThread3" daemon [_thread_blocked, id=22275, stack(0x0000700001559000,0x0000700001659000)]
  0x00007ff78b857000 JavaThread "C2 CompilerThread2" daemon [_thread_blocked, id=21763, stack(0x0000700001456000,0x0000700001556000)]
  0x00007ff78b858000 JavaThread "C2 CompilerThread1" daemon [_thread_blocked, id=21251, stack(0x0000700001353000,0x0000700001453000)]
  0x00007ff789039000 JavaThread "C2 CompilerThread0" daemon [_thread_blocked, id=20739, stack(0x0000700001250000,0x0000700001350000)]
  0x00007ff78b002800 JavaThread "JDWP Command Reader" daemon [_thread_in_native, id=20227, stack(0x000070000114d000,0x000070000124d000)]
  0x00007ff789037800 JavaThread "JDWP Event Helper Thread" daemon [_thread_blocked, id=19715, stack(0x000070000104a000,0x000070000114a000)]
=>0x00007ff789046800 JavaThread "JDWP Transport Listener: dt_socket" daemon [_thread_in_vm, id=19203, stack(0x0000700000f47000,0x0000700001047000)]
  0x00007ff78983b000 JavaThread "Signal Dispatcher" daemon [_thread_blocked, id=15887, stack(0x0000700000e44000,0x0000700000f44000)]
  0x00007ff789826800 JavaThread "Finalizer" daemon [_thread_blocked, id=14339, stack(0x0000700000c3b000,0x0000700000d3b000)]
  0x00007ff789825800 JavaThread "Reference Handler" daemon [_thread_blocked, id=13827, stack(0x0000700000b38000,0x0000700000c38000)]
  0x00007ff789803000 JavaThread "main" [_thread_blocked, id=5891, stack(0x000070000011a000,0x000070000021a000)]

Other Threads:
  0x00007ff78b854000 VMThread [stack: 0x0000700000a35000,0x0000700000b35000] [id=13315]
  0x00007ff78b0a5800 WatcherThread [stack: 0x000070000175f000,0x000070000185f000] [id=23299]

VM state:not at safepoint (normal execution)

VM Mutex/Monitor currently owned by a thread: None

Heap:
 PSYoungGen      total 18944K, used 16113K [0x00000007aab00000, 0x00000007ac000000, 0x00000007c0000000)
  eden space 16384K, 82% used [0x00000007aab00000,0x00000007ab83e0f8,0x00000007abb00000)
  from space 2560K, 99% used [0x00000007abd80000,0x00000007abffe5a0,0x00000007ac000000)
  to   space 2560K, 0% used [0x00000007abb00000,0x00000007abb00000,0x00000007abd80000)
 ParOldGen       total 44032K, used 195K [0x0000000780000000, 0x0000000782b00000, 0x00000007aab00000)
  object space 44032K, 0% used [0x0000000780000000,0x0000000780030ed0,0x0000000782b00000)
 Metaspace       used 8721K, capacity 8758K, committed 8832K, reserved 1056768K
  class space    used 1080K, capacity 1105K, committed 1152K, reserved 1048576K

Card table byte_map: [0x000000012080e000,0x0000000120a0f000] byte_map_base: 0x000000011cc0e000

Marking Bits: (ParMarkBitMap*) 0x0000000110cc27a0
 Begin Bits: [0x0000000120b65000, 0x0000000121b65000)
 End Bits:   [0x0000000121b65000, 0x0000000122b65000)

Polling page: 0x000000010f3f5000

CodeCache: size=245760Kb used=2878Kb max_used=2891Kb free=242881Kb
 bounds [0x000000011144e000, 0x000000011172e000, 0x000000012044e000]
 total_blobs=904 nmethods=622 adapters=204
 compilation: enabled

Compilation events (10 events):
Event: 16.227 Thread 0x00007ff78c009800  617       3       java.lang.Integer::numberOfLeadingZeros (76 bytes)
Event: 16.228 Thread 0x00007ff78c009800 nmethod 617 0x0000000111714a90 code [0x0000000111714c00, 0x0000000111714eb0]
Event: 16.247 Thread 0x00007ff78c009800  618       3       java.lang.Integer::toHexString (6 bytes)
Event: 16.248 Thread 0x00007ff78c009800 nmethod 618 0x0000000111714710 code [0x0000000111714880, 0x00000001117149e8]
Event: 16.248 Thread 0x00007ff78c009800  619       3       java.lang.Integer::toUnsignedString0 (46 bytes)
Event: 16.248 Thread 0x00007ff78c009800 nmethod 619 0x0000000111713f10 code [0x00000001117140a0, 0x00000001117144f8]
Event: 987.581 Thread 0x00007ff78c009800  620       1       java.lang.reflect.Field::getName (5 bytes)
Event: 987.582 Thread 0x00007ff78c009800 nmethod 620 0x000000011171c5d0 code [0x000000011171c720, 0x000000011171c830]
Event: 2475.492 Thread 0x00007ff78c009800  622       3       java.lang.Class::checkMemberAccess (49 bytes)
Event: 2475.495 Thread 0x00007ff78c009800 nmethod 622 0x000000011171b810 code [0x000000011171b9c0, 0x000000011171bff8]

GC Heap History (4 events):
Event: 1.014 GC heap before
{Heap before GC invocations=1 (full 0):
 PSYoungGen      total 18944K, used 16384K [0x00000007aab00000, 0x00000007ac000000, 0x00000007c0000000)
  eden space 16384K, 100% used [0x00000007aab00000,0x00000007abb00000,0x00000007abb00000)
  from space 2560K, 0% used [0x00000007abd80000,0x00000007abd80000,0x00000007ac000000)
  to   space 2560K, 0% used [0x00000007abb00000,0x00000007abb00000,0x00000007abd80000)
 ParOldGen       total 44032K, used 0K [0x0000000780000000, 0x0000000782b00000, 0x00000007aab00000)
  object space 44032K, 0% used [0x0000000780000000,0x0000000780000000,0x0000000782b00000)
 Metaspace       used 5558K, capacity 5824K, committed 6144K, reserved 1056768K
  class space    used 659K, capacity 688K, committed 768K, reserved 1048576K
Event: 1.018 GC heap after
Heap after GC invocations=1 (full 0):
 PSYoungGen      total 18944K, used 2180K [0x00000007aab00000, 0x00000007ac000000, 0x00000007c0000000)
  eden space 16384K, 0% used [0x00000007aab00000,0x00000007aab00000,0x00000007abb00000)
  from space 2560K, 85% used [0x00000007abb00000,0x00000007abd21128,0x00000007abd80000)
  to   space 2560K, 0% used [0x00000007abd80000,0x00000007abd80000,0x00000007ac000000)
 ParOldGen       total 44032K, used 8K [0x0000000780000000, 0x0000000782b00000, 0x00000007aab00000)
  object space 44032K, 0% used [0x0000000780000000,0x0000000780002000,0x0000000782b00000)
 Metaspace       used 5558K, capacity 5824K, committed 6144K, reserved 1056768K
  class space    used 659K, capacity 688K, committed 768K, reserved 1048576K
}
Event: 1.229 GC heap before
{Heap before GC invocations=2 (full 0):
 PSYoungGen      total 18944K, used 18564K [0x00000007aab00000, 0x00000007ac000000, 0x00000007c0000000)
  eden space 16384K, 100% used [0x00000007aab00000,0x00000007abb00000,0x00000007abb00000)
  from space 2560K, 85% used [0x00000007abb00000,0x00000007abd21128,0x00000007abd80000)
  to   space 2560K, 0% used [0x00000007abd80000,0x00000007abd80000,0x00000007ac000000)
 ParOldGen       total 44032K, used 8K [0x0000000780000000, 0x0000000782b00000, 0x00000007aab00000)
  object space 44032K, 0% used [0x0000000780000000,0x0000000780002000,0x0000000782b00000)
 Metaspace       used 7091K, capacity 7168K, committed 7424K, reserved 1056768K
  class space    used 904K, capacity 944K, committed 1024K, reserved 1048576K
Event: 1.232 GC heap after
Heap after GC invocations=2 (full 0):
 PSYoungGen      total 18944K, used 2553K [0x00000007aab00000, 0x00000007ac000000, 0x00000007c0000000)
  eden space 16384K, 0% used [0x00000007aab00000,0x00000007aab00000,0x00000007abb00000)
  from space 2560K, 99% used [0x00000007abd80000,0x00000007abffe5a0,0x00000007ac000000)
  to   space 2560K, 0% used [0x00000007abb00000,0x00000007abb00000,0x00000007abd80000)
 ParOldGen       total 44032K, used 195K [0x0000000780000000, 0x0000000782b00000, 0x00000007aab00000)
  object space 44032K, 0% used [0x0000000780000000,0x0000000780030ed0,0x0000000782b00000)
 Metaspace       used 7091K, capacity 7168K, committed 7424K, reserved 1056768K
  class space    used 904K, capacity 944K, committed 1024K, reserved 1048576K
}

Deoptimization events (2 events):
Event: 0.921 Thread 0x00007ff789803000 Uncommon trap: reason=unstable_if action=reinterpret pc=0x00000001115e3668 method=java.lang.String.indexOf([CII[CIII)I @ 3
Event: 1.151 Thread 0x00007ff789803000 Uncommon trap: reason=range_check action=make_not_entrant pc=0x00000001116a9474 method=sun.reflect.generics.parser.SignatureParser.current()C @ 34

Internal exceptions (10 events):
Event: 1.151 Thread 0x00007ff789803000 Exception <a 'java/lang/ArrayIndexOutOfBoundsException'> (0x00000007ab49c1d8) thrown at [/Users/java_re/workspace/8-2-build-macosx-x86_64/jdk8u51/3951/hotspot/src/share/vm/runtime/sharedRuntime.cpp, line 605]
Event: 1.151 Thread 0x00007ff789803000 Exception <a 'java/lang/ArrayIndexOutOfBoundsException': 113> (0x00000007ab49de78) thrown at [/Users/java_re/workspace/8-2-build-macosx-x86_64/jdk8u51/3951/hotspot/src/share/vm/interpreter/interpreterRuntime.cpp, line 366]
Event: 1.152 Thread 0x00007ff789803000 Exception <a 'java/lang/ArrayIndexOutOfBoundsException': 71> (0x00000007ab49f320) thrown at [/Users/java_re/workspace/8-2-build-macosx-x86_64/jdk8u51/3951/hotspot/src/share/vm/interpreter/interpreterRuntime.cpp, line 366]
Event: 4.038 Thread 0x00007ff789803000 Exception <a 'java/lang/ArrayIndexOutOfBoundsException': 55> (0x00000007ab34faa8) thrown at [/Users/java_re/workspace/8-2-build-macosx-x86_64/jdk8u51/3951/hotspot/src/share/vm/interpreter/interpreterRuntime.cpp, line 366]
Event: 4.039 Thread 0x00007ff789803000 Exception <a 'java/lang/ArrayIndexOutOfBoundsException': 40> (0x00000007ab350828) thrown at [/Users/java_re/workspace/8-2-build-macosx-x86_64/jdk8u51/3951/hotspot/src/share/vm/interpreter/interpreterRuntime.cpp, line 366]
Event: 16.139 Thread 0x00007ff789803000 Exception <a 'java/lang/ArrayIndexOutOfBoundsException': 139> (0x00000007ab774000) thrown at [/Users/java_re/workspace/8-2-build-macosx-x86_64/jdk8u51/3951/hotspot/src/share/vm/interpreter/interpreterRuntime.cpp, line 366]
Event: 16.140 Thread 0x00007ff789803000 Exception <a 'java/lang/ArrayIndexOutOfBoundsException': 67> (0x00000007ab776b78) thrown at [/Users/java_re/workspace/8-2-build-macosx-x86_64/jdk8u51/3951/hotspot/src/share/vm/interpreter/interpreterRuntime.cpp, line 366]
Event: 16.141 Thread 0x00007ff789803000 Exception <a 'java/lang/ArrayIndexOutOfBoundsException': 65> (0x00000007ab778030) thrown at [/Users/java_re/workspace/8-2-build-macosx-x86_64/jdk8u51/3951/hotspot/src/share/vm/interpreter/interpreterRuntime.cpp, line 366]
Event: 69.221 Thread 0x00007ff789803000 Exception <a 'java/lang/NullPointerException'> (0x00000007ab7dca28) thrown at [/Users/java_re/workspace/8-2-build-macosx-x86_64/jdk8u51/3951/hotspot/src/share/vm/interpreter/linkResolver.cpp, line 1280]
Event: 69.222 Thread 0x00007ff789803000 Exception <a 'java/lang/reflect/InvocationTargetException'> (0x00000007ab7dcbd8) thrown at [/Users/java_re/workspace/8-2-build-macosx-x86_64/jdk8u51/3951/hotspot/src/share/vm/runtime/reflection.cpp, line 1080]

Events (10 events):
Event: 2475.538 Executing VM operation: ChangeBreakpoints
Event: 2475.538 Executing VM operation: ChangeBreakpoints done
Event: 2475.539 Executing VM operation: ChangeBreakpoints
Event: 2475.539 Executing VM operation: ChangeBreakpoints done
Event: 2475.540 Executing VM operation: ChangeBreakpoints
Event: 2475.540 Executing VM operation: ChangeBreakpoints done
Event: 2475.541 Executing VM operation: ChangeBreakpoints
Event: 2475.541 Executing VM operation: ChangeBreakpoints done
Event: 2475.542 Executing VM operation: ChangeBreakpoints
Event: 2475.542 Executing VM operation: ChangeBreakpoints done


Dynamic libraries:
0x00000000064f9000 	/System/Library/Frameworks/Cocoa.framework/Versions/A/Cocoa
0x00000000064f9000 	/System/Library/Frameworks/Security.framework/Versions/A/Security
0x00000000064f9000 	/System/Library/Frameworks/ApplicationServices.framework/Versions/A/ApplicationServices
0x00000000064f9000 	/usr/lib/libz.1.dylib
0x00000000064f9000 	/usr/lib/libSystem.B.dylib
0x00000000064f9000 	/usr/lib/libobjc.A.dylib
0x00000000064f9000 	/System/Library/Frameworks/CoreFoundation.framework/Versions/A/CoreFoundation
0x00000000064f9000 	/System/Library/Frameworks/Foundation.framework/Versions/C/Foundation
0x00000000064f9000 	/System/Library/Frameworks/AppKit.framework/Versions/C/AppKit
0x00000000064f9000 	/System/Library/Frameworks/CoreData.framework/Versions/A/CoreData
0x00000000064f9000 	/System/Library/PrivateFrameworks/RemoteViewServices.framework/Versions/A/RemoteViewServices
0x00000000064f9000 	/System/Library/PrivateFrameworks/UIFoundation.framework/Versions/A/UIFoundation
0x00000000064f9000 	/usr/lib/libScreenReader.dylib
0x00000000064f9000 	/System/Library/Frameworks/Accelerate.framework/Versions/A/Accelerate
0x00000000064f9000 	/System/Library/Frameworks/IOSurface.framework/Versions/A/IOSurface
0x00000000064f9000 	/System/Library/Frameworks/AudioToolbox.framework/Versions/A/AudioToolbox
0x00000000064f9000 	/System/Library/Frameworks/AudioUnit.framework/Versions/A/AudioUnit
0x00000000064f9000 	/System/Library/PrivateFrameworks/DataDetectorsCore.framework/Versions/A/DataDetectorsCore
0x00000000064f9000 	/System/Library/PrivateFrameworks/DesktopServicesPriv.framework/Versions/A/DesktopServicesPriv
0x00000000064f9000 	/System/Library/Frameworks/Carbon.framework/Versions/A/Frameworks/HIToolbox.framework/Versions/A/HIToolbox
0x00000000064f9000 	/System/Library/Frameworks/QuartzCore.framework/Versions/A/QuartzCore
0x00000000064f9000 	/System/Library/Frameworks/Carbon.framework/Versions/A/Frameworks/SpeechRecognition.framework/Versions/A/SpeechRecognition
0x00000000064f9000 	/usr/lib/libauto.dylib
0x00000000064f9000 	/usr/lib/libicucore.A.dylib
0x00000000064f9000 	/usr/lib/libxml2.2.dylib
0x00000000064f9000 	/System/Library/PrivateFrameworks/CoreUI.framework/Versions/A/CoreUI
0x00000000064f9000 	/System/Library/Frameworks/CoreAudio.framework/Versions/A/CoreAudio
0x00000000064f9000 	/System/Library/Frameworks/DiskArbitration.framework/Versions/A/DiskArbitration
0x00000000064f9000 	/usr/lib/liblangid.dylib
0x00000000064f9000 	/System/Library/PrivateFrameworks/MultitouchSupport.framework/Versions/A/MultitouchSupport
0x00000000064f9000 	/System/Library/Frameworks/IOKit.framework/Versions/A/IOKit
0x00000000064f9000 	/usr/lib/libDiagnosticMessagesClient.dylib
0x00000000064f9000 	/System/Library/Frameworks/CoreServices.framework/Versions/A/CoreServices
0x00000000064f9000 	/System/Library/PrivateFrameworks/PerformanceAnalysis.framework/Versions/A/PerformanceAnalysis
0x00000000064f9000 	/System/Library/PrivateFrameworks/GenerationalStorage.framework/Versions/A/GenerationalStorage
0x00000000064f9000 	/System/Library/Frameworks/OpenGL.framework/Versions/A/OpenGL
0x00000000064f9000 	/System/Library/PrivateFrameworks/Sharing.framework/Versions/A/Sharing
0x00000000064f9000 	/System/Library/Frameworks/CoreGraphics.framework/Versions/A/CoreGraphics
0x00000000064f9000 	/System/Library/Frameworks/CoreImage.framework/Versions/A/CoreImage
0x00000000064f9000 	/System/Library/Frameworks/CoreText.framework/Versions/A/CoreText
0x00000000064f9000 	/System/Library/Frameworks/ImageIO.framework/Versions/A/ImageIO
0x00000000064f9000 	/System/Library/PrivateFrameworks/Backup.framework/Versions/A/Backup
0x00000000064f9000 	/usr/lib/libextension.dylib
0x00000000064f9000 	/usr/lib/libarchive.2.dylib
0x00000000064f9000 	/System/Library/Frameworks/CFNetwork.framework/Versions/A/CFNetwork
0x00000000064f9000 	/System/Library/Frameworks/SystemConfiguration.framework/Versions/A/SystemConfiguration
0x00000000064f9000 	/usr/lib/libCRFSuite.dylib
0x00000000064f9000 	/usr/lib/libc++.1.dylib
0x00000000064f9000 	/usr/lib/libc++abi.dylib
0x00000000064f9000 	/usr/lib/system/libcache.dylib
0x00000000064f9000 	/usr/lib/system/libcommonCrypto.dylib
0x00000000064f9000 	/usr/lib/system/libcompiler_rt.dylib
0x00000000064f9000 	/usr/lib/system/libcopyfile.dylib
0x00000000064f9000 	/usr/lib/system/libcorecrypto.dylib
0x00000000064f9000 	/usr/lib/system/libdispatch.dylib
0x00000000064f9000 	/usr/lib/system/libdyld.dylib
0x00000000064f9000 	/usr/lib/system/libkeymgr.dylib
0x00000000064f9000 	/usr/lib/system/liblaunch.dylib
0x00000000064f9000 	/usr/lib/system/libmacho.dylib
0x00000000064f9000 	/usr/lib/system/libquarantine.dylib
0x00000000064f9000 	/usr/lib/system/libremovefile.dylib
0x00000000064f9000 	/usr/lib/system/libsystem_asl.dylib
0x00000000064f9000 	/usr/lib/system/libsystem_blocks.dylib
0x00000000064f9000 	/usr/lib/system/libsystem_c.dylib
0x00000000064f9000 	/usr/lib/system/libsystem_configuration.dylib
0x00000000064f9000 	/usr/lib/system/libsystem_coreservices.dylib
0x00000000064f9000 	/usr/lib/system/libsystem_coretls.dylib
0x00000000064f9000 	/usr/lib/system/libsystem_dnssd.dylib
0x00000000064f9000 	/usr/lib/system/libsystem_info.dylib
0x00000000064f9000 	/usr/lib/system/libsystem_kernel.dylib
0x00000000064f9000 	/usr/lib/system/libsystem_m.dylib
0x00000000064f9000 	/usr/lib/system/libsystem_malloc.dylib
0x00000000064f9000 	/usr/lib/system/libsystem_network.dylib
0x00000000064f9000 	/usr/lib/system/libsystem_networkextension.dylib
0x00000000064f9000 	/usr/lib/system/libsystem_notify.dylib
0x00000000064f9000 	/usr/lib/system/libsystem_platform.dylib
0x00000000064f9000 	/usr/lib/system/libsystem_pthread.dylib
0x00000000064f9000 	/usr/lib/system/libsystem_sandbox.dylib
0x00000000064f9000 	/usr/lib/system/libsystem_secinit.dylib
0x00000000064f9000 	/usr/lib/system/libsystem_trace.dylib
0x00000000064f9000 	/usr/lib/system/libunc.dylib
0x00000000064f9000 	/usr/lib/system/libunwind.dylib
0x00000000064f9000 	/usr/lib/system/libxpc.dylib
0x00000000064f9000 	/usr/lib/libenergytrace.dylib
0x00000000064f9000 	/usr/lib/libbsm.0.dylib
0x00000000064f9000 	/usr/lib/system/libkxld.dylib
0x00000000064f9000 	/usr/lib/libxar.1.dylib
0x00000000064f9000 	/usr/lib/libsqlite3.dylib
0x00000000064f9000 	/usr/lib/libpam.2.dylib
0x00000000064f9000 	/usr/lib/libOpenScriptingUtil.dylib
0x00000000064f9000 	/usr/lib/libbz2.1.0.dylib
0x00000000064f9000 	/usr/lib/liblzma.5.dylib
0x00000000064f9000 	/System/Library/Frameworks/CoreServices.framework/Versions/A/Frameworks/FSEvents.framework/Versions/A/FSEvents
0x00000000064f9000 	/System/Library/Frameworks/CoreServices.framework/Versions/A/Frameworks/CarbonCore.framework/Versions/A/CarbonCore
0x00000000064f9000 	/System/Library/Frameworks/CoreServices.framework/Versions/A/Frameworks/Metadata.framework/Versions/A/Metadata
0x00000000064f9000 	/System/Library/Frameworks/CoreServices.framework/Versions/A/Frameworks/OSServices.framework/Versions/A/OSServices
0x00000000064f9000 	/System/Library/Frameworks/CoreServices.framework/Versions/A/Frameworks/SearchKit.framework/Versions/A/SearchKit
0x00000000064f9000 	/System/Library/Frameworks/CoreServices.framework/Versions/A/Frameworks/AE.framework/Versions/A/AE
0x00000000064f9000 	/System/Library/Frameworks/CoreServices.framework/Versions/A/Frameworks/LaunchServices.framework/Versions/A/LaunchServices
0x00000000064f9000 	/System/Library/Frameworks/CoreServices.framework/Versions/A/Frameworks/DictionaryServices.framework/Versions/A/DictionaryServices
0x00000000064f9000 	/System/Library/Frameworks/CoreServices.framework/Versions/A/Frameworks/SharedFileList.framework/Versions/A/SharedFileList
0x00000000064f9000 	/System/Library/Frameworks/NetFS.framework/Versions/A/NetFS
0x00000000064f9000 	/System/Library/PrivateFrameworks/NetAuth.framework/Versions/A/NetAuth
0x00000000064f9000 	/System/Library/PrivateFrameworks/login.framework/Versions/A/Frameworks/loginsupport.framework/Versions/A/loginsupport
0x00000000064f9000 	/System/Library/PrivateFrameworks/TCC.framework/Versions/A/TCC
0x00000000064f9000 	/usr/lib/libmecabra.dylib
0x00000000064f9000 	/System/Library/Frameworks/ApplicationServices.framework/Versions/A/Frameworks/ATS.framework/Versions/A/ATS
0x00000000064f9000 	/System/Library/Frameworks/ApplicationServices.framework/Versions/A/Frameworks/ColorSync.framework/Versions/A/ColorSync
0x00000000064f9000 	/System/Library/Frameworks/ApplicationServices.framework/Versions/A/Frameworks/HIServices.framework/Versions/A/HIServices
0x00000000064f9000 	/System/Library/Frameworks/ApplicationServices.framework/Versions/A/Frameworks/LangAnalysis.framework/Versions/A/LangAnalysis
0x00000000064f9000 	/System/Library/Frameworks/ApplicationServices.framework/Versions/A/Frameworks/PrintCore.framework/Versions/A/PrintCore
0x00000000064f9000 	/System/Library/Frameworks/ApplicationServices.framework/Versions/A/Frameworks/QD.framework/Versions/A/QD
0x00000000064f9000 	/System/Library/Frameworks/ApplicationServices.framework/Versions/A/Frameworks/SpeechSynthesis.framework/Versions/A/SpeechSynthesis
0x00000000064f9000 	/System/Library/Frameworks/Metal.framework/Versions/A/Metal
0x00000000064f9000 	/System/Library/Frameworks/Accelerate.framework/Versions/A/Frameworks/vImage.framework/Versions/A/vImage
0x00000000064f9000 	/System/Library/Frameworks/Accelerate.framework/Versions/A/Frameworks/vecLib.framework/Versions/A/vecLib
0x00000000064f9000 	/System/Library/Frameworks/Accelerate.framework/Versions/A/Frameworks/vecLib.framework/Versions/A/libvDSP.dylib
0x00000000064f9000 	/System/Library/Frameworks/Accelerate.framework/Versions/A/Frameworks/vecLib.framework/Versions/A/libvMisc.dylib
0x00000000064f9000 	/System/Library/Frameworks/Accelerate.framework/Versions/A/Frameworks/vecLib.framework/Versions/A/libLAPACK.dylib
0x00000000064f9000 	/System/Library/Frameworks/Accelerate.framework/Versions/A/Frameworks/vecLib.framework/Versions/A/libBLAS.dylib
0x00000000064f9000 	/System/Library/Frameworks/Accelerate.framework/Versions/A/Frameworks/vecLib.framework/Versions/A/libLinearAlgebra.dylib
0x00000000064f9000 	/System/Library/Frameworks/Accelerate.framework/Versions/A/Frameworks/vecLib.framework/Versions/A/libSparseBLAS.dylib
0x00000000064f9000 	/System/Library/PrivateFrameworks/GPUCompiler.framework/libmetal_timestamp.dylib
0x00000000064f9000 	/System/Library/Frameworks/OpenGL.framework/Versions/A/Libraries/libCoreFSCache.dylib
0x00000000064f9000 	/System/Library/PrivateFrameworks/IOAccelerator.framework/Versions/A/IOAccelerator
0x00000000064f9000 	/System/Library/Frameworks/ApplicationServices.framework/Versions/A/Frameworks/ATS.framework/Versions/A/Resources/libFontParser.dylib
0x00000000064f9000 	/System/Library/Frameworks/ApplicationServices.framework/Versions/A/Frameworks/ATS.framework/Versions/A/Resources/libFontRegistry.dylib
0x00000000064f9000 	/System/Library/PrivateFrameworks/AppleVPA.framework/Versions/A/AppleVPA
0x00000000064f9000 	/System/Library/PrivateFrameworks/AppleJPEG.framework/Versions/A/AppleJPEG
0x00000000064f9000 	/System/Library/Frameworks/ImageIO.framework/Versions/A/Resources/libJPEG.dylib
0x00000000064f9000 	/System/Library/Frameworks/ImageIO.framework/Versions/A/Resources/libTIFF.dylib
0x00000000064f9000 	/System/Library/Frameworks/ImageIO.framework/Versions/A/Resources/libPng.dylib
0x00000000064f9000 	/System/Library/Frameworks/ImageIO.framework/Versions/A/Resources/libGIF.dylib
0x00000000064f9000 	/System/Library/Frameworks/ImageIO.framework/Versions/A/Resources/libJP2.dylib
0x00000000064f9000 	/System/Library/Frameworks/ImageIO.framework/Versions/A/Resources/libRadiance.dylib
0x00000000064f9000 	/System/Library/Frameworks/CoreVideo.framework/Versions/A/CoreVideo
0x00000000064f9000 	/System/Library/Frameworks/OpenGL.framework/Versions/A/Libraries/libGLU.dylib
0x00000000064f9000 	/System/Library/Frameworks/OpenGL.framework/Versions/A/Libraries/libGFXShared.dylib
0x00000000064f9000 	/System/Library/Frameworks/OpenGL.framework/Versions/A/Libraries/libGL.dylib
0x00000000064f9000 	/System/Library/Frameworks/OpenGL.framework/Versions/A/Libraries/libGLImage.dylib
0x00000000064f9000 	/System/Library/Frameworks/OpenGL.framework/Versions/A/Libraries/libCVMSPluginSupport.dylib
0x00000000064f9000 	/System/Library/Frameworks/OpenGL.framework/Versions/A/Libraries/libCoreVMClient.dylib
0x00000000064f9000 	/usr/lib/libcups.2.dylib
0x00000000064f9000 	/System/Library/Frameworks/Kerberos.framework/Versions/A/Kerberos
0x00000000064f9000 	/System/Library/Frameworks/GSS.framework/Versions/A/GSS
0x00000000064f9000 	/usr/lib/libresolv.9.dylib
0x00000000064f9000 	/usr/lib/libiconv.2.dylib
0x00000000064f9000 	/System/Library/PrivateFrameworks/Heimdal.framework/Versions/A/Heimdal
0x00000000064f9000 	/usr/lib/libheimdal-asn1.dylib
0x00000000064f9000 	/System/Library/Frameworks/OpenDirectory.framework/Versions/A/OpenDirectory
0x00000000064f9000 	/System/Library/PrivateFrameworks/CommonAuth.framework/Versions/A/CommonAuth
0x00000000064f9000 	/System/Library/Frameworks/OpenDirectory.framework/Versions/A/Frameworks/CFOpenDirectory.framework/Versions/A/CFOpenDirectory
0x00000000064f9000 	/System/Library/Frameworks/SecurityFoundation.framework/Versions/A/SecurityFoundation
0x00000000064f9000 	/System/Library/PrivateFrameworks/LanguageModeling.framework/Versions/A/LanguageModeling
0x00000000064f9000 	/usr/lib/libmarisa.dylib
0x00000000064f9000 	/usr/lib/libChineseTokenizer.dylib
0x00000000064f9000 	/usr/lib/libcmph.dylib
0x00000000064f9000 	/usr/lib/libcompression.dylib
0x00000000064f9000 	/System/Library/Frameworks/ServiceManagement.framework/Versions/A/ServiceManagement
0x00000000064f9000 	/usr/lib/libxslt.1.dylib
0x00000000064f9000 	/System/Library/Frameworks/Carbon.framework/Versions/A/Frameworks/Ink.framework/Versions/A/Ink
0x00000000064f9000 	/usr/lib/libFosl_dynamic.dylib
0x00000000064f9000 	/System/Library/PrivateFrameworks/FaceCore.framework/Versions/A/FaceCore
0x00000000064f9000 	/System/Library/Frameworks/OpenCL.framework/Versions/A/OpenCL
0x00000000064f9000 	/System/Library/PrivateFrameworks/CrashReporterSupport.framework/Versions/A/CrashReporterSupport
0x00000000064f9000 	/System/Library/PrivateFrameworks/IconServices.framework/Versions/A/IconServices
0x00000000064f9000 	/System/Library/PrivateFrameworks/Apple80211.framework/Versions/A/Apple80211
0x00000000064f9000 	/System/Library/Frameworks/CoreWLAN.framework/Versions/A/CoreWLAN
0x00000000064f9000 	/System/Library/Frameworks/IOBluetooth.framework/Versions/A/IOBluetooth
0x00000000064f9000 	/System/Library/PrivateFrameworks/CoreWiFi.framework/Versions/A/CoreWiFi
0x00000000064f9000 	/System/Library/Frameworks/CoreBluetooth.framework/Versions/A/CoreBluetooth
0x00000000064f9000 	/System/Library/PrivateFrameworks/ChunkingLibrary.framework/Versions/A/ChunkingLibrary
0x00000000064f9000 	/System/Library/PrivateFrameworks/DebugSymbols.framework/Versions/A/DebugSymbols
0x00000000064f9000 	/System/Library/PrivateFrameworks/CoreSymbolication.framework/Versions/A/CoreSymbolication
0x00000000064f9000 	/System/Library/PrivateFrameworks/Symbolication.framework/Versions/A/Symbolication
0x00000000064f9000 	/System/Library/PrivateFrameworks/SpeechRecognitionCore.framework/Versions/A/SpeechRecognitionCore
0x0000000110400000 	/Library/Java/JavaVirtualMachines/jdk1.8.0_51.jdk/Contents/Home/jre/lib/server/libjvm.dylib
0x00000000064f9000 	/usr/lib/libstdc++.6.dylib
0x000000010f3e7000 	/Library/Java/JavaVirtualMachines/jdk1.8.0_51.jdk/Contents/Home/jre/lib/libverify.dylib
0x0000000111369000 	/Library/Java/JavaVirtualMachines/jdk1.8.0_51.jdk/Contents/Home/jre/lib/libjava.dylib
0x000000011139e000 	/Library/Java/JavaVirtualMachines/jdk1.8.0_51.jdk/Contents/Home/jre/lib/libjdwp.dylib
0x000000010f3f6000 	/Library/Java/JavaVirtualMachines/jdk1.8.0_51.jdk/Contents/Home/jre/lib/libnpt.dylib
0x00000001113e9000 	/Library/Java/JavaVirtualMachines/jdk1.8.0_51.jdk/Contents/Home/jre/lib/libinstrument.dylib
0x0000000111445000 	/Library/Java/JavaVirtualMachines/jdk1.8.0_51.jdk/Contents/Home/jre/lib/libzip.dylib
0x00000001254a0000 	/System/Library/Frameworks/JavaVM.framework/Frameworks/JavaRuntimeSupport.framework/JavaRuntimeSupport
0x00000001254bb000 	/System/Library/Frameworks/JavaVM.framework/Versions/A/Frameworks/JavaNativeFoundation.framework/Versions/A/JavaNativeFoundation
0x00000001254d0000 	/System/Library/Frameworks/JavaVM.framework/Versions/A/JavaVM
0x00000000064f9000 	/System/Library/Frameworks/Carbon.framework/Versions/A/Carbon
0x00000001254dd000 	/System/Library/PrivateFrameworks/JavaLaunching.framework/Versions/A/JavaLaunching
0x00000000064f9000 	/System/Library/Frameworks/Carbon.framework/Versions/A/Frameworks/CommonPanels.framework/Versions/A/CommonPanels
0x00000000064f9000 	/System/Library/Frameworks/Carbon.framework/Versions/A/Frameworks/Help.framework/Versions/A/Help
0x00000000064f9000 	/System/Library/Frameworks/Carbon.framework/Versions/A/Frameworks/ImageCapture.framework/Versions/A/ImageCapture
0x00000000064f9000 	/System/Library/Frameworks/Carbon.framework/Versions/A/Frameworks/OpenScripting.framework/Versions/A/OpenScripting
0x00000000064f9000 	/System/Library/Frameworks/Carbon.framework/Versions/A/Frameworks/Print.framework/Versions/A/Print
0x00000000064f9000 	/System/Library/Frameworks/Carbon.framework/Versions/A/Frameworks/SecurityHI.framework/Versions/A/SecurityHI
0x0000000126dfa000 	/Library/Java/JavaVirtualMachines/jdk1.8.0_51.jdk/Contents/Home/jre/lib/libdt_socket.dylib

VM Arguments:
jvm_args: -agentlib:jdwp=transport=dt_socket,address=127.0.0.1:51929,suspend=y,server=n -ea -javaagent:/Users/benmassey/Library/Caches/IntelliJIdea2016.1/groovyHotSwap/gragent.jar -Didea.junit.sm_runner -Dfile.encoding=UTF-8 
java_command: com.intellij.rt.execution.junit.JUnitStarter -ideVersion5 reader.WebPageReaderTest,getGoodsItemsAsJsonIsCorrect
java_class_path (initial): /Applications/IntelliJ IDEA.app/Contents/lib/idea_rt.jar:/Applications/IntelliJ IDEA.app/Contents/plugins/junit/lib/junit-rt.jar:/Library/Java/JavaVirtualMachines/jdk1.8.0_51.jdk/Contents/Home/jre/lib/charsets.jar:/Library/Java/JavaVirtualMachines/jdk1.8.0_51.jdk/Contents/Home/jre/lib/deploy.jar:/Library/Java/JavaVirtualMachines/jdk1.8.0_51.jdk/Contents/Home/jre/lib/ext/cldrdata.jar:/Library/Java/JavaVirtualMachines/jdk1.8.0_51.jdk/Contents/Home/jre/lib/ext/dnsns.jar:/Library/Java/JavaVirtualMachines/jdk1.8.0_51.jdk/Contents/Home/jre/lib/ext/jfxrt.jar:/Library/Java/JavaVirtualMachines/jdk1.8.0_51.jdk/Contents/Home/jre/lib/ext/localedata.jar:/Library/Java/JavaVirtualMachines/jdk1.8.0_51.jdk/Contents/Home/jre/lib/ext/nashorn.jar:/Library/Java/JavaVirtualMachines/jdk1.8.0_51.jdk/Contents/Home/jre/lib/ext/sunec.jar:/Library/Java/JavaVirtualMachines/jdk1.8.0_51.jdk/Contents/Home/jre/lib/ext/sunjce_provider.jar:/Library/Java/JavaVirtualMachines/jdk1.8.0_51.jdk/Contents/Home/jre/lib/ext/sunpkcs11.jar:/Library/Java/JavaVirtualMachines/jdk1.8.0_51.jdk/Contents/Home/jre/lib/ext/zipfs.jar:/Library/Java/JavaVirtualMachines/jdk1.8.0_51.jdk/Contents/Home/jre/lib/javaws.jar:/Library/Java/JavaVirtualMachines/jdk1.8.0_51.jdk/Contents/Home/jre/lib/jce.jar:/Library/Java/JavaVirtualMachines/jdk1.8.0_51.jdk/Contents/Home/jre/lib/jfr.jar:/Library/Java/JavaVirtualMachines/jdk1.8.0_51.jdk/Contents/Home/jre/lib/jfxswt.jar:/Library/Java/JavaVirtualMachines/jdk1.8.0_51.jdk/Contents/Home/jre/lib/jsse.jar:/Library/Java/JavaVirtualMachines/jdk1.8.0_51.jdk/Contents/Home/jre/lib/management-agent.jar:/Library/Java/JavaVirtualMachines/jdk1.8.0_51.jdk/Contents/Home/jre/lib/plugin.jar:/Library/Java/JavaVirtualMachines/jdk1.8.0_51.jdk/Contents/Home/jre/lib/resources.jar:/Library/Java/JavaVirtualMachines/jdk1.8.0_51.jdk/Contents/Home/jre/lib/rt.jar:/Library/Java/JavaVirtualMachines/jdk1.8.0_51.jdk/Contents/Home/lib/ant-javafx.jar:/Library/Java/JavaVirtualMachines/jdk1.8.0_51
Launcher Type: SUN_STANDARD

Environment Variables:
JAVA_HOME=/Library/Java/JavaVirtualMachines/jdk1.8.0_51.jdk/Contents/Home
PATH=/Users/benmassey/Development/apache-maven-3.2.2/bin:/Library/Java/JavaVirtualMachines/jdk1.8.0_51.jdk/Contents/Home/bin:/Users/benmassey/bin:/usr/local/bin:/usr/local/mysql-5.6.30-osx10.11-x86_64/bin:/usr/bin:/bin:/usr/sbin:/sbin:/usr/local/bin:/opt/X11/bin:/Users/benmassey/groovy-2.2.1/bin:/Users/benmassey/Development/gradle-2.6/bin:/Users/benmassey/Dev/activator-dist-1.3.6:/Users/benmassey/Development/SpringBoot_CLI/spring-1.2.7.RELEASE/bin:/Applications/Marmalade.app/Contents/s3e/bin
SHELL=/bin/bash
DISPLAY=/private/tmp/com.apple.launchd.90MtEIinp0/org.macosforge.xquartz:0

Signal Handlers:
SIGSEGV: [libjvm.dylib+0x58ef35], sa_mask[0]=11111111011111110111111111111111, sa_flags=SA_ONSTACK|SA_RESTART|SA_SIGINFO
SIGBUS: [libjvm.dylib+0x58ef35], sa_mask[0]=11111111011111110111111111111111, sa_flags=SA_RESTART|SA_SIGINFO
SIGFPE: [libjvm.dylib+0x46c028], sa_mask[0]=11111111011111110111111111111111, sa_flags=SA_RESTART|SA_SIGINFO
SIGPIPE: [libjvm.dylib+0x46c028], sa_mask[0]=11111111011111110111111111111111, sa_flags=SA_RESTART|SA_SIGINFO
SIGXFSZ: [libjvm.dylib+0x46c028], sa_mask[0]=11111111011111110111111111111111, sa_flags=SA_RESTART|SA_SIGINFO
SIGILL: [libjvm.dylib+0x46c028], sa_mask[0]=11111111011111110111111111111111, sa_flags=SA_RESTART|SA_SIGINFO
SIGUSR1: SIG_DFL, sa_mask[0]=00000000000000000000000000000000, sa_flags=none
SIGUSR2: [libjvm.dylib+0x46bb46], sa_mask[0]=00100000000000000000000000000000, sa_flags=SA_RESTART|SA_SIGINFO
SIGHUP: [libjvm.dylib+0x46a119], sa_mask[0]=11111111011111110111111111111111, sa_flags=SA_RESTART|SA_SIGINFO
SIGINT: [libjvm.dylib+0x46a119], sa_mask[0]=11111111011111110111111111111111, sa_flags=SA_RESTART|SA_SIGINFO
SIGTERM: [libjvm.dylib+0x46a119], sa_mask[0]=11111111011111110111111111111111, sa_flags=SA_RESTART|SA_SIGINFO
SIGQUIT: [libjvm.dylib+0x46a119], sa_mask[0]=11111111011111110111111111111111, sa_flags=SA_RESTART|SA_SIGINFO


---------------  S Y S T E M  ---------------

OS:Bsduname:Darwin 15.3.0 Darwin Kernel Version 15.3.0: Thu Dec 10 18:40:58 PST 2015; root:xnu-3248.30.4~1/RELEASE_X86_64 x86_64
rlimit: STACK 8192k, CORE 0k, NPROC 709, NOFILE 10240, AS infinity
load average:4.34 3.77 3.16

CPU:total 8 (4 cores per cpu, 2 threads per core) family 6 model 58 stepping 9, cmov, cx8, fxsr, mmx, sse, sse2, sse3, ssse3, sse4.1, sse4.2, popcnt, avx, aes, clmul, erms, ht, tsc, tscinvbit, tscinv

Memory: 4k page, physical 4194304k(22812k free)

/proc/meminfo:


vm_info: Java HotSpot(TM) 64-Bit Server VM (25.51-b03) for bsd-amd64 JRE (1.8.0_51-b16), built on Jun  8 2015 18:01:11 by "java_re" with gcc 4.2.1 (Based on Apple Inc. build 5658) (LLVM build 2336.11.00)

time: Sun Jul  3 18:17:41 2016
elapsed time: 2475 seconds (0d 0h 41m 15s)

