#
# A fatal error has been detected by the Java Runtime Environment:
#
#  SIGSEGV (0xb) at pc=0x0000000108e32c30, pid=2683, tid=19203
#
# JRE version: Java(TM) SE Runtime Environment (8.0_51-b16) (build 1.8.0_51-b16)
# Java VM: Java HotSpot(TM) 64-Bit Server VM (25.51-b03 mixed mode bsd-amd64 compressed oops)
# Problematic frame:
# V  [libjvm.dylib+0x432c30]
#
# Failed to write core dump. Core dumps have been disabled. To enable core dumping, try "ulimit -c unlimited" before starting Java again
#
# If you would like to submit a bug report, please visit:
#   http://bugreport.java.com/bugreport/crash.jsp
#

---------------  T H R E A D  ---------------

Current thread (0x00007f944e80d000):  JavaThread "JDWP Transport Listener: dt_socket" daemon [_thread_in_vm, id=19203, stack(0x0000700000f47000,0x0000700001047000)]

siginfo: si_signo: 11 (SIGSEGV), si_code: 1 (SEGV_MAPERR), si_addr: 0x000007f944d86545

Registers:
RAX=0x0000000000000001, RBX=0x0000700001046a8b, RCX=0x00000001091fa190, RDX=0x0000700001046a8b
RSP=0x00007000010469d0, RBP=0x00007000010469e0, RSI=0x00007f944e80d000, RDI=0x000007f944d86545
R8 =0x0000000000000000, R9 =0x00007f944d866860, R10=0x00000000d885b49a, R11=0x00007f944d800000
R12=0x00007f944e80d000, R13=0x000007f944d86545, R14=0x000007f944d86545, R15=0x00007f944d9028e0
RIP=0x0000000108e32c30, EFLAGS=0x0000000000010202, ERR=0x0000000000000004
  TRAPNO=0x000000000000000e

Top of Stack: (sp=0x00007000010469d0)
0x00007000010469d0:   0000700001046a8b 0000700001046a8b
0x00007000010469e0:   0000700001046a40 0000000108d42f8e
0x00007000010469f0:   00007f944e80d000 0000000000000000
0x0000700001046a00:   0000000000000000 0000000000000000
0x0000700001046a10:   00007f944e80d000 00007f944e80d000
0x0000700001046a20:   0000700001046a8b 0000700001046a90
0x0000700001046a30:   000007f944d86545 0000000000000004
0x0000700001046a40:   0000700001046a60 00000001079b3780
0x0000700001046a50:   0000000000000001 0000700001046b08
0x0000700001046a60:   0000700001046ad0 00000001079981f3
0x0000700001046a70:   0000700001046aa0 00007f944d848120
0x0000700001046a80:   0000000700000032 0000000100046b08
0x0000700001046a90:   0000000000000000 0000000000000000
0x0000700001046aa0:   0000000000000000 0000700001046c90
0x0000700001046ab0:   00000001079bae7a 00007f944b55c850
0x0000700001046ac0:   0000700001046b08 00000001079c6598
0x0000700001046ad0:   0000700001046ae0 00000001079982ec
0x0000700001046ae0:   0000700001046d00 00000001079a1898
0x0000700001046af0:   0001a9c200000013 00000000000f0200
0x0000700001046b00:   00007f944b57c780 0000700001046c56
0x0000700001046b10:   00007f940000002e 0000700001046b20
0x0000700001046b20:   00000000000000fe 0000700001046b58
0x0000700001046b30:   0000000000000000 0000000000000000
0x0000700001046b40:   0001a9c20000000f 00007fff00008380
0x0000700001046b50:   0000700001046b58 947f000007000000
0x0000700001046b60:   06000000a021b04d 00003e74696e693c
0x0000700001046b70:   0000005629280300 7f00000100000000
0x0000700001046b80:   0000008054434b94 6d65744964646107
0x0000700001046b90:   6e654c2816000000 726f432f79746974
0x0000700001046ba0:   3b797469746e4565 0000000000005629
0x0000700001046bb0:   434b947f00000100 64610b0000009054
0x0000700001046bc0:   6d6574496c6c4164 6a4c281300000073 

Instructions: (pc=0x0000000108e32c30)
0x0000000108e32c10:   40 48 48 85 c0 75 e0 30 c0 0f b6 c0 5d c3 31 c0
0x0000000108e32c20:   5d c3 55 48 89 e5 53 48 83 ec 08 48 85 ff 74 24
0x0000000108e32c30:   48 8b 1f 48 85 db 74 1c 48 83 fb 37 74 16 48 8b
0x0000000108e32c40:   03 48 89 df ff 50 10 84 c0 b8 00 00 00 00 48 0f 

Register to memory mapping:

RAX=0x0000000000000001 is an unknown value
RBX=0x0000700001046a8b is pointing into the stack for thread: 0x00007f944e80d000
RCX=0x00000001091fa190: UseMembar+0 in /Library/Java/JavaVirtualMachines/jdk1.8.0_51.jdk/Contents/Home/jre/lib/server/libjvm.dylib at 0x0000000108a00000
RDX=0x0000700001046a8b is pointing into the stack for thread: 0x00007f944e80d000
RSP=0x00007000010469d0 is pointing into the stack for thread: 0x00007f944e80d000
RBP=0x00007000010469e0 is pointing into the stack for thread: 0x00007f944e80d000
RSI=0x00007f944e80d000 is a thread
RDI=0x000007f944d86545 is an unknown value
R8 =0x0000000000000000 is an unknown value
R9 =0x00007f944d866860 is an unknown value
R10=0x00000000d885b49a is an unknown value
R11=0x00007f944d800000 is an unknown value
R12=0x00007f944e80d000 is a thread
R13=0x000007f944d86545 is an unknown value
R14=0x000007f944d86545 is an unknown value
R15=0x00007f944d9028e0 is an unknown value


Stack: [0x0000700000f47000,0x0000700001047000],  sp=0x00007000010469d0,  free space=1022k
Native frames: (J=compiled Java code, j=interpreted, Vv=VM code, C=native code)
V  [libjvm.dylib+0x432c30]
V  [libjvm.dylib+0x342f8e]
C  [libjdwp.dylib+0x20780]  isMethodSynthetic+0x63
C  [libjdwp.dylib+0x51f3]  methods1+0x10b
C  [libjdwp.dylib+0x52ec]  methodsWithGeneric+0xe
C  [libjdwp.dylib+0xe898]  debugLoop_run+0x1ce
C  [libjdwp.dylib+0x1f6ba]  attachThread+0x4d
V  [libjvm.dylib+0x383f3c]
V  [libjvm.dylib+0x549a6f]
V  [libjvm.dylib+0x54b160]
V  [libjvm.dylib+0x46e99e]
C  [libsystem_pthread.dylib+0x3c13]  _pthread_body+0x83
C  [libsystem_pthread.dylib+0x3b90]  _pthread_body+0x0
C  [libsystem_pthread.dylib+0x1375]  thread_start+0xd
C  0x0000000000000000


---------------  P R O C E S S  ---------------

Java Threads: ( => current thread )
  0x00007f944e014800 JavaThread "Service Thread" daemon [_thread_blocked, id=22787, stack(0x000070000165c000,0x000070000175c000)]
  0x00007f944d030000 JavaThread "C1 CompilerThread3" daemon [_thread_blocked, id=22275, stack(0x0000700001559000,0x0000700001659000)]
  0x00007f944d02f000 JavaThread "C2 CompilerThread2" daemon [_thread_blocked, id=21763, stack(0x0000700001456000,0x0000700001556000)]
  0x00007f944d075000 JavaThread "C2 CompilerThread1" daemon [_thread_blocked, id=21251, stack(0x0000700001353000,0x0000700001453000)]
  0x00007f944c008000 JavaThread "C2 CompilerThread0" daemon [_thread_blocked, id=20739, stack(0x0000700001250000,0x0000700001350000)]
  0x00007f944e80e800 JavaThread "JDWP Command Reader" daemon [_thread_in_native, id=20227, stack(0x000070000114d000,0x000070000124d000)]
  0x00007f944e80e000 JavaThread "JDWP Event Helper Thread" daemon [_thread_blocked, id=19715, stack(0x000070000104a000,0x000070000114a000)]
=>0x00007f944e80d000 JavaThread "JDWP Transport Listener: dt_socket" daemon [_thread_in_vm, id=19203, stack(0x0000700000f47000,0x0000700001047000)]
  0x00007f944e80c800 JavaThread "Signal Dispatcher" daemon [_thread_blocked, id=15887, stack(0x0000700000e44000,0x0000700000f44000)]
  0x00007f944e803000 JavaThread "Finalizer" daemon [_thread_blocked, id=14339, stack(0x0000700000c3b000,0x0000700000d3b000)]
  0x00007f944e802800 JavaThread "Reference Handler" daemon [_thread_blocked, id=13827, stack(0x0000700000b38000,0x0000700000c38000)]
  0x00007f944d019000 JavaThread "main" [_thread_blocked, id=5891, stack(0x000070000011a000,0x000070000021a000)]

Other Threads:
  0x00007f944e00c800 VMThread [stack: 0x0000700000a35000,0x0000700000b35000] [id=13315]
  0x00007f944e806000 WatcherThread [stack: 0x000070000175f000,0x000070000185f000] [id=23299]

VM state:not at safepoint (normal execution)

VM Mutex/Monitor currently owned by a thread: None

Heap:
 PSYoungGen      total 18944K, used 10137K [0x00000007aab00000, 0x00000007ac000000, 0x00000007c0000000)
  eden space 16384K, 46% used [0x00000007aab00000,0x00000007ab26b940,0x00000007abb00000)
  from space 2560K, 99% used [0x00000007abb00000,0x00000007abd7abb0,0x00000007abd80000)
  to   space 2560K, 0% used [0x00000007abd80000,0x00000007abd80000,0x00000007ac000000)
 ParOldGen       total 44032K, used 555K [0x0000000780000000, 0x0000000782b00000, 0x00000007aab00000)
  object space 44032K, 1% used [0x0000000780000000,0x000000078008ace0,0x0000000782b00000)
 Metaspace       used 10269K, capacity 10438K, committed 10624K, reserved 1058816K
  class space    used 1288K, capacity 1367K, committed 1408K, reserved 1048576K

Card table byte_map: [0x0000000118d7d000,0x0000000118f7e000] byte_map_base: 0x000000011517d000

Marking Bits: (ParMarkBitMap*) 0x00000001092c27a0
 Begin Bits: [0x00000001190d4000, 0x000000011a0d4000)
 End Bits:   [0x000000011a0d4000, 0x000000011b0d4000)

Polling page: 0x0000000107992000

CodeCache: size=245760Kb used=3035Kb max_used=3035Kb free=242724Kb
 bounds [0x00000001099bd000, 0x0000000109cbd000, 0x00000001189bd000]
 total_blobs=1022 nmethods=732 adapters=212
 compilation: enabled

Compilation events (10 events):
Event: 14.233 Thread 0x00007f944d030000  725   !   3       java.lang.Class::getSimpleBinaryName (38 bytes)
Event: 14.234 Thread 0x00007f944d030000 nmethod 725 0x0000000109cb0b10 code [0x0000000109cb0d00, 0x0000000109cb1508]
Event: 14.234 Thread 0x00007f944d030000  729       1       java.lang.reflect.Field::getType (5 bytes)
Event: 14.234 Thread 0x00007f944d030000 nmethod 729 0x0000000109ca0210 code [0x0000000109ca0360, 0x0000000109ca0470]
Event: 14.300 Thread 0x00007f944d030000  730       3       java.lang.Object::toString (36 bytes)
Event: 14.302 Thread 0x00007f944d030000 nmethod 730 0x0000000109cb1890 code [0x0000000109cb1aa0, 0x0000000109cb2648]
Event: 52.997 Thread 0x00007f944d030000  731       3       java.lang.Integer::formatUnsignedInt (48 bytes)
Event: 52.998 Thread 0x00007f944d030000 nmethod 731 0x0000000109cb2a90 code [0x0000000109cb2c00, 0x0000000109cb2e90]
Event: 492.354 Thread 0x00007f944d030000  732       3       com.google.gson.internal.bind.TypeAdapters$32::toString (43 bytes)
Event: 492.358 Thread 0x00007f944d030000 nmethod 732 0x0000000109cb30d0 code [0x0000000109cb3320, 0x0000000109cb4178]

GC Heap History (6 events):
Event: 0.792 GC heap before
{Heap before GC invocations=1 (full 0):
 PSYoungGen      total 18944K, used 16384K [0x00000007aab00000, 0x00000007ac000000, 0x00000007c0000000)
  eden space 16384K, 100% used [0x00000007aab00000,0x00000007abb00000,0x00000007abb00000)
  from space 2560K, 0% used [0x00000007abd80000,0x00000007abd80000,0x00000007ac000000)
  to   space 2560K, 0% used [0x00000007abb00000,0x00000007abb00000,0x00000007abd80000)
 ParOldGen       total 44032K, used 0K [0x0000000780000000, 0x0000000782b00000, 0x00000007aab00000)
  object space 44032K, 0% used [0x0000000780000000,0x0000000780000000,0x0000000782b00000)
 Metaspace       used 5552K, capacity 5824K, committed 6144K, reserved 1056768K
  class space    used 658K, capacity 688K, committed 768K, reserved 1048576K
Event: 0.795 GC heap after
Heap after GC invocations=1 (full 0):
 PSYoungGen      total 18944K, used 2073K [0x00000007aab00000, 0x00000007ac000000, 0x00000007c0000000)
  eden space 16384K, 0% used [0x00000007aab00000,0x00000007aab00000,0x00000007abb00000)
  from space 2560K, 81% used [0x00000007abb00000,0x00000007abd066b8,0x00000007abd80000)
  to   space 2560K, 0% used [0x00000007abd80000,0x00000007abd80000,0x00000007ac000000)
 ParOldGen       total 44032K, used 8K [0x0000000780000000, 0x0000000782b00000, 0x00000007aab00000)
  object space 44032K, 0% used [0x0000000780000000,0x0000000780002000,0x0000000782b00000)
 Metaspace       used 5552K, capacity 5824K, committed 6144K, reserved 1056768K
  class space    used 658K, capacity 688K, committed 768K, reserved 1048576K
}
Event: 1.035 GC heap before
{Heap before GC invocations=2 (full 0):
 PSYoungGen      total 18944K, used 18457K [0x00000007aab00000, 0x00000007ac000000, 0x00000007c0000000)
  eden space 16384K, 100% used [0x00000007aab00000,0x00000007abb00000,0x00000007abb00000)
  from space 2560K, 81% used [0x00000007abb00000,0x00000007abd066b8,0x00000007abd80000)
  to   space 2560K, 0% used [0x00000007abd80000,0x00000007abd80000,0x00000007ac000000)
 ParOldGen       total 44032K, used 8K [0x0000000780000000, 0x0000000782b00000, 0x00000007aab00000)
  object space 44032K, 0% used [0x0000000780000000,0x0000000780002000,0x0000000782b00000)
 Metaspace       used 7091K, capacity 7168K, committed 7424K, reserved 1056768K
  class space    used 904K, capacity 944K, committed 1024K, reserved 1048576K
Event: 1.038 GC heap after
Heap after GC invocations=2 (full 0):
 PSYoungGen      total 18944K, used 2535K [0x00000007aab00000, 0x00000007ac000000, 0x00000007c0000000)
  eden space 16384K, 0% used [0x00000007aab00000,0x00000007aab00000,0x00000007abb00000)
  from space 2560K, 99% used [0x00000007abd80000,0x00000007abff9c50,0x00000007ac000000)
  to   space 2560K, 0% used [0x00000007abb00000,0x00000007abb00000,0x00000007abd80000)
 ParOldGen       total 44032K, used 188K [0x0000000780000000, 0x0000000782b00000, 0x00000007aab00000)
  object space 44032K, 0% used [0x0000000780000000,0x000000078002f3c8,0x0000000782b00000)
 Metaspace       used 7091K, capacity 7168K, committed 7424K, reserved 1056768K
  class space    used 904K, capacity 944K, committed 1024K, reserved 1048576K
}
Event: 6.936 GC heap before
{Heap before GC invocations=3 (full 0):
 PSYoungGen      total 18944K, used 18919K [0x00000007aab00000, 0x00000007ac000000, 0x00000007c0000000)
  eden space 16384K, 100% used [0x00000007aab00000,0x00000007abb00000,0x00000007abb00000)
  from space 2560K, 99% used [0x00000007abd80000,0x00000007abff9c50,0x00000007ac000000)
  to   space 2560K, 0% used [0x00000007abb00000,0x00000007abb00000,0x00000007abd80000)
 ParOldGen       total 44032K, used 188K [0x0000000780000000, 0x0000000782b00000, 0x00000007aab00000)
  object space 44032K, 0% used [0x0000000780000000,0x000000078002f3c8,0x0000000782b00000)
 Metaspace       used 9035K, capacity 9110K, committed 9344K, reserved 1056768K
  class space    used 1123K, capacity 1137K, committed 1152K, reserved 1048576K
Event: 6.939 GC heap after
Heap after GC invocations=3 (full 0):
 PSYoungGen      total 18944K, used 2538K [0x00000007aab00000, 0x00000007ac000000, 0x00000007c0000000)
  eden space 16384K, 0% used [0x00000007aab00000,0x00000007aab00000,0x00000007abb00000)
  from space 2560K, 99% used [0x00000007abb00000,0x00000007abd7abb0,0x00000007abd80000)
  to   space 2560K, 0% used [0x00000007abd80000,0x00000007abd80000,0x00000007ac000000)
 ParOldGen       total 44032K, used 555K [0x0000000780000000, 0x0000000782b00000, 0x00000007aab00000)
  object space 44032K, 1% used [0x0000000780000000,0x000000078008ace0,0x0000000782b00000)
 Metaspace       used 9035K, capacity 9110K, committed 9344K, reserved 1056768K
  class space    used 1123K, capacity 1137K, committed 1152K, reserved 1048576K
}

Deoptimization events (2 events):
Event: 0.689 Thread 0x00007f944d019000 Uncommon trap: reason=unstable_if action=reinterpret pc=0x0000000109b520a8 method=java.lang.String.indexOf([CII[CIII)I @ 3
Event: 0.959 Thread 0x00007f944d019000 Uncommon trap: reason=range_check action=make_not_entrant pc=0x0000000109c14974 method=sun.reflect.generics.parser.SignatureParser.current()C @ 34

Internal exceptions (10 events):
Event: 0.958 Thread 0x00007f944d019000 Exception <a 'java/lang/ArrayIndexOutOfBoundsException'> (0x00000007ab49a268) thrown at [/Users/java_re/workspace/8-2-build-macosx-x86_64/jdk8u51/3951/hotspot/src/share/vm/runtime/sharedRuntime.cpp, line 605]
Event: 0.958 Thread 0x00007f944d019000 Exception <a 'java/lang/ArrayIndexOutOfBoundsException'> (0x00000007ab49c020) thrown at [/Users/java_re/workspace/8-2-build-macosx-x86_64/jdk8u51/3951/hotspot/src/share/vm/runtime/sharedRuntime.cpp, line 605]
Event: 0.959 Thread 0x00007f944d019000 Exception <a 'java/lang/ArrayIndexOutOfBoundsException'> (0x00000007ab49dcc0) thrown at [/Users/java_re/workspace/8-2-build-macosx-x86_64/jdk8u51/3951/hotspot/src/share/vm/runtime/sharedRuntime.cpp, line 605]
Event: 0.959 Thread 0x00007f944d019000 Exception <a 'java/lang/ArrayIndexOutOfBoundsException'> (0x00000007ab49f168) thrown at [/Users/java_re/workspace/8-2-build-macosx-x86_64/jdk8u51/3951/hotspot/src/share/vm/runtime/sharedRuntime.cpp, line 605]
Event: 0.959 Thread 0x00007f944d019000 Exception <a 'java/lang/ArrayIndexOutOfBoundsException': 104> (0x00000007ab4a1270) thrown at [/Users/java_re/workspace/8-2-build-macosx-x86_64/jdk8u51/3951/hotspot/src/share/vm/interpreter/interpreterRuntime.cpp, line 366]
Event: 0.959 Thread 0x00007f944d019000 Exception <a 'java/lang/ArrayIndexOutOfBoundsException': 115> (0x00000007ab4a2af8) thrown at [/Users/java_re/workspace/8-2-build-macosx-x86_64/jdk8u51/3951/hotspot/src/share/vm/interpreter/interpreterRuntime.cpp, line 366]
Event: 0.960 Thread 0x00007f944d019000 Exception <a 'java/lang/ArrayIndexOutOfBoundsException': 101> (0x00000007ab4a4278) thrown at [/Users/java_re/workspace/8-2-build-macosx-x86_64/jdk8u51/3951/hotspot/src/share/vm/interpreter/interpreterRuntime.cpp, line 366]
Event: 4.021 Thread 0x00007f944d019000 Exception <a 'java/lang/ArrayIndexOutOfBoundsException': 65> (0x00000007ab6f0868) thrown at [/Users/java_re/workspace/8-2-build-macosx-x86_64/jdk8u51/3951/hotspot/src/share/vm/interpreter/interpreterRuntime.cpp, line 366]
Event: 7.567 Thread 0x00007f944d019000 Exception <a 'java/lang/NoSuchFieldError': method resolution failed> (0x00000007ab01cd18) thrown at [/Users/java_re/workspace/8-2-build-macosx-x86_64/jdk8u51/3951/hotspot/src/share/vm/prims/methodHandles.cpp, line 1125]
Event: 7.577 Thread 0x00007f944d019000 Exception <a 'java/lang/NoSuchFieldError': method resolution failed> (0x00000007ab02bee8) thrown at [/Users/java_re/workspace/8-2-build-macosx-x86_64/jdk8u51/3951/hotspot/src/share/vm/prims/methodHandles.cpp, line 1125]

Events (10 events):
Event: 673.453 Executing VM operation: ChangeBreakpoints
Event: 673.454 Executing VM operation: ChangeBreakpoints done
Event: 673.455 Executing VM operation: ChangeBreakpoints
Event: 673.455 Executing VM operation: ChangeBreakpoints done
Event: 673.456 Executing VM operation: ChangeBreakpoints
Event: 673.456 Executing VM operation: ChangeBreakpoints done
Event: 673.457 Executing VM operation: ChangeBreakpoints
Event: 673.458 Executing VM operation: ChangeBreakpoints done
Event: 673.459 Executing VM operation: ChangeBreakpoints
Event: 673.459 Executing VM operation: ChangeBreakpoints done


Dynamic libraries:
0x00000000064f9000 	/System/Library/Frameworks/Cocoa.framework/Versions/A/Cocoa
0x00000000064f9000 	/System/Library/Frameworks/Security.framework/Versions/A/Security
0x00000000064f9000 	/System/Library/Frameworks/ApplicationServices.framework/Versions/A/ApplicationServices
0x00000000064f9000 	/usr/lib/libz.1.dylib
0x00000000064f9000 	/usr/lib/libSystem.B.dylib
0x00000000064f9000 	/usr/lib/libobjc.A.dylib
0x00000000064f9000 	/System/Library/Frameworks/CoreFoundation.framework/Versions/A/CoreFoundation
0x00000000064f9000 	/System/Library/Frameworks/Foundation.framework/Versions/C/Foundation
0x00000000064f9000 	/System/Library/Frameworks/AppKit.framework/Versions/C/AppKit
0x00000000064f9000 	/System/Library/Frameworks/CoreData.framework/Versions/A/CoreData
0x00000000064f9000 	/System/Library/PrivateFrameworks/RemoteViewServices.framework/Versions/A/RemoteViewServices
0x00000000064f9000 	/System/Library/PrivateFrameworks/UIFoundation.framework/Versions/A/UIFoundation
0x00000000064f9000 	/usr/lib/libScreenReader.dylib
0x00000000064f9000 	/System/Library/Frameworks/Accelerate.framework/Versions/A/Accelerate
0x00000000064f9000 	/System/Library/Frameworks/IOSurface.framework/Versions/A/IOSurface
0x00000000064f9000 	/System/Library/Frameworks/AudioToolbox.framework/Versions/A/AudioToolbox
0x00000000064f9000 	/System/Library/Frameworks/AudioUnit.framework/Versions/A/AudioUnit
0x00000000064f9000 	/System/Library/PrivateFrameworks/DataDetectorsCore.framework/Versions/A/DataDetectorsCore
0x00000000064f9000 	/System/Library/PrivateFrameworks/DesktopServicesPriv.framework/Versions/A/DesktopServicesPriv
0x00000000064f9000 	/System/Library/Frameworks/Carbon.framework/Versions/A/Frameworks/HIToolbox.framework/Versions/A/HIToolbox
0x00000000064f9000 	/System/Library/Frameworks/QuartzCore.framework/Versions/A/QuartzCore
0x00000000064f9000 	/System/Library/Frameworks/Carbon.framework/Versions/A/Frameworks/SpeechRecognition.framework/Versions/A/SpeechRecognition
0x00000000064f9000 	/usr/lib/libauto.dylib
0x00000000064f9000 	/usr/lib/libicucore.A.dylib
0x00000000064f9000 	/usr/lib/libxml2.2.dylib
0x00000000064f9000 	/System/Library/PrivateFrameworks/CoreUI.framework/Versions/A/CoreUI
0x00000000064f9000 	/System/Library/Frameworks/CoreAudio.framework/Versions/A/CoreAudio
0x00000000064f9000 	/System/Library/Frameworks/DiskArbitration.framework/Versions/A/DiskArbitration
0x00000000064f9000 	/usr/lib/liblangid.dylib
0x00000000064f9000 	/System/Library/PrivateFrameworks/MultitouchSupport.framework/Versions/A/MultitouchSupport
0x00000000064f9000 	/System/Library/Frameworks/IOKit.framework/Versions/A/IOKit
0x00000000064f9000 	/usr/lib/libDiagnosticMessagesClient.dylib
0x00000000064f9000 	/System/Library/Frameworks/CoreServices.framework/Versions/A/CoreServices
0x00000000064f9000 	/System/Library/PrivateFrameworks/PerformanceAnalysis.framework/Versions/A/PerformanceAnalysis
0x00000000064f9000 	/System/Library/PrivateFrameworks/GenerationalStorage.framework/Versions/A/GenerationalStorage
0x00000000064f9000 	/System/Library/Frameworks/OpenGL.framework/Versions/A/OpenGL
0x00000000064f9000 	/System/Library/PrivateFrameworks/Sharing.framework/Versions/A/Sharing
0x00000000064f9000 	/System/Library/Frameworks/CoreGraphics.framework/Versions/A/CoreGraphics
0x00000000064f9000 	/System/Library/Frameworks/CoreImage.framework/Versions/A/CoreImage
0x00000000064f9000 	/System/Library/Frameworks/CoreText.framework/Versions/A/CoreText
0x00000000064f9000 	/System/Library/Frameworks/ImageIO.framework/Versions/A/ImageIO
0x00000000064f9000 	/System/Library/PrivateFrameworks/Backup.framework/Versions/A/Backup
0x00000000064f9000 	/usr/lib/libextension.dylib
0x00000000064f9000 	/usr/lib/libarchive.2.dylib
0x00000000064f9000 	/System/Library/Frameworks/CFNetwork.framework/Versions/A/CFNetwork
0x00000000064f9000 	/System/Library/Frameworks/SystemConfiguration.framework/Versions/A/SystemConfiguration
0x00000000064f9000 	/usr/lib/libCRFSuite.dylib
0x00000000064f9000 	/usr/lib/libc++.1.dylib
0x00000000064f9000 	/usr/lib/libc++abi.dylib
0x00000000064f9000 	/usr/lib/system/libcache.dylib
0x00000000064f9000 	/usr/lib/system/libcommonCrypto.dylib
0x00000000064f9000 	/usr/lib/system/libcompiler_rt.dylib
0x00000000064f9000 	/usr/lib/system/libcopyfile.dylib
0x00000000064f9000 	/usr/lib/system/libcorecrypto.dylib
0x00000000064f9000 	/usr/lib/system/libdispatch.dylib
0x00000000064f9000 	/usr/lib/system/libdyld.dylib
0x00000000064f9000 	/usr/lib/system/libkeymgr.dylib
0x00000000064f9000 	/usr/lib/system/liblaunch.dylib
0x00000000064f9000 	/usr/lib/system/libmacho.dylib
0x00000000064f9000 	/usr/lib/system/libquarantine.dylib
0x00000000064f9000 	/usr/lib/system/libremovefile.dylib
0x00000000064f9000 	/usr/lib/system/libsystem_asl.dylib
0x00000000064f9000 	/usr/lib/system/libsystem_blocks.dylib
0x00000000064f9000 	/usr/lib/system/libsystem_c.dylib
0x00000000064f9000 	/usr/lib/system/libsystem_configuration.dylib
0x00000000064f9000 	/usr/lib/system/libsystem_coreservices.dylib
0x00000000064f9000 	/usr/lib/system/libsystem_coretls.dylib
0x00000000064f9000 	/usr/lib/system/libsystem_dnssd.dylib
0x00000000064f9000 	/usr/lib/system/libsystem_info.dylib
0x00000000064f9000 	/usr/lib/system/libsystem_kernel.dylib
0x00000000064f9000 	/usr/lib/system/libsystem_m.dylib
0x00000000064f9000 	/usr/lib/system/libsystem_malloc.dylib
0x00000000064f9000 	/usr/lib/system/libsystem_network.dylib
0x00000000064f9000 	/usr/lib/system/libsystem_networkextension.dylib
0x00000000064f9000 	/usr/lib/system/libsystem_notify.dylib
0x00000000064f9000 	/usr/lib/system/libsystem_platform.dylib
0x00000000064f9000 	/usr/lib/system/libsystem_pthread.dylib
0x00000000064f9000 	/usr/lib/system/libsystem_sandbox.dylib
0x00000000064f9000 	/usr/lib/system/libsystem_secinit.dylib
0x00000000064f9000 	/usr/lib/system/libsystem_trace.dylib
0x00000000064f9000 	/usr/lib/system/libunc.dylib
0x00000000064f9000 	/usr/lib/system/libunwind.dylib
0x00000000064f9000 	/usr/lib/system/libxpc.dylib
0x00000000064f9000 	/usr/lib/libenergytrace.dylib
0x00000000064f9000 	/usr/lib/libbsm.0.dylib
0x00000000064f9000 	/usr/lib/system/libkxld.dylib
0x00000000064f9000 	/usr/lib/libxar.1.dylib
0x00000000064f9000 	/usr/lib/libsqlite3.dylib
0x00000000064f9000 	/usr/lib/libpam.2.dylib
0x00000000064f9000 	/usr/lib/libOpenScriptingUtil.dylib
0x00000000064f9000 	/usr/lib/libbz2.1.0.dylib
0x00000000064f9000 	/usr/lib/liblzma.5.dylib
0x00000000064f9000 	/System/Library/Frameworks/CoreServices.framework/Versions/A/Frameworks/FSEvents.framework/Versions/A/FSEvents
0x00000000064f9000 	/System/Library/Frameworks/CoreServices.framework/Versions/A/Frameworks/CarbonCore.framework/Versions/A/CarbonCore
0x00000000064f9000 	/System/Library/Frameworks/CoreServices.framework/Versions/A/Frameworks/Metadata.framework/Versions/A/Metadata
0x00000000064f9000 	/System/Library/Frameworks/CoreServices.framework/Versions/A/Frameworks/OSServices.framework/Versions/A/OSServices
0x00000000064f9000 	/System/Library/Frameworks/CoreServices.framework/Versions/A/Frameworks/SearchKit.framework/Versions/A/SearchKit
0x00000000064f9000 	/System/Library/Frameworks/CoreServices.framework/Versions/A/Frameworks/AE.framework/Versions/A/AE
0x00000000064f9000 	/System/Library/Frameworks/CoreServices.framework/Versions/A/Frameworks/LaunchServices.framework/Versions/A/LaunchServices
0x00000000064f9000 	/System/Library/Frameworks/CoreServices.framework/Versions/A/Frameworks/DictionaryServices.framework/Versions/A/DictionaryServices
0x00000000064f9000 	/System/Library/Frameworks/CoreServices.framework/Versions/A/Frameworks/SharedFileList.framework/Versions/A/SharedFileList
0x00000000064f9000 	/System/Library/Frameworks/NetFS.framework/Versions/A/NetFS
0x00000000064f9000 	/System/Library/PrivateFrameworks/NetAuth.framework/Versions/A/NetAuth
0x00000000064f9000 	/System/Library/PrivateFrameworks/login.framework/Versions/A/Frameworks/loginsupport.framework/Versions/A/loginsupport
0x00000000064f9000 	/System/Library/PrivateFrameworks/TCC.framework/Versions/A/TCC
0x00000000064f9000 	/usr/lib/libmecabra.dylib
0x00000000064f9000 	/System/Library/Frameworks/ApplicationServices.framework/Versions/A/Frameworks/ATS.framework/Versions/A/ATS
0x00000000064f9000 	/System/Library/Frameworks/ApplicationServices.framework/Versions/A/Frameworks/ColorSync.framework/Versions/A/ColorSync
0x00000000064f9000 	/System/Library/Frameworks/ApplicationServices.framework/Versions/A/Frameworks/HIServices.framework/Versions/A/HIServices
0x00000000064f9000 	/System/Library/Frameworks/ApplicationServices.framework/Versions/A/Frameworks/LangAnalysis.framework/Versions/A/LangAnalysis
0x00000000064f9000 	/System/Library/Frameworks/ApplicationServices.framework/Versions/A/Frameworks/PrintCore.framework/Versions/A/PrintCore
0x00000000064f9000 	/System/Library/Frameworks/ApplicationServices.framework/Versions/A/Frameworks/QD.framework/Versions/A/QD
0x00000000064f9000 	/System/Library/Frameworks/ApplicationServices.framework/Versions/A/Frameworks/SpeechSynthesis.framework/Versions/A/SpeechSynthesis
0x00000000064f9000 	/System/Library/Frameworks/Metal.framework/Versions/A/Metal
0x00000000064f9000 	/System/Library/Frameworks/Accelerate.framework/Versions/A/Frameworks/vImage.framework/Versions/A/vImage
0x00000000064f9000 	/System/Library/Frameworks/Accelerate.framework/Versions/A/Frameworks/vecLib.framework/Versions/A/vecLib
0x00000000064f9000 	/System/Library/Frameworks/Accelerate.framework/Versions/A/Frameworks/vecLib.framework/Versions/A/libvDSP.dylib
0x00000000064f9000 	/System/Library/Frameworks/Accelerate.framework/Versions/A/Frameworks/vecLib.framework/Versions/A/libvMisc.dylib
0x00000000064f9000 	/System/Library/Frameworks/Accelerate.framework/Versions/A/Frameworks/vecLib.framework/Versions/A/libLAPACK.dylib
0x00000000064f9000 	/System/Library/Frameworks/Accelerate.framework/Versions/A/Frameworks/vecLib.framework/Versions/A/libBLAS.dylib
0x00000000064f9000 	/System/Library/Frameworks/Accelerate.framework/Versions/A/Frameworks/vecLib.framework/Versions/A/libLinearAlgebra.dylib
0x00000000064f9000 	/System/Library/Frameworks/Accelerate.framework/Versions/A/Frameworks/vecLib.framework/Versions/A/libSparseBLAS.dylib
0x00000000064f9000 	/System/Library/PrivateFrameworks/GPUCompiler.framework/libmetal_timestamp.dylib
0x00000000064f9000 	/System/Library/Frameworks/OpenGL.framework/Versions/A/Libraries/libCoreFSCache.dylib
0x00000000064f9000 	/System/Library/PrivateFrameworks/IOAccelerator.framework/Versions/A/IOAccelerator
0x00000000064f9000 	/System/Library/Frameworks/ApplicationServices.framework/Versions/A/Frameworks/ATS.framework/Versions/A/Resources/libFontParser.dylib
0x00000000064f9000 	/System/Library/Frameworks/ApplicationServices.framework/Versions/A/Frameworks/ATS.framework/Versions/A/Resources/libFontRegistry.dylib
0x00000000064f9000 	/System/Library/PrivateFrameworks/AppleVPA.framework/Versions/A/AppleVPA
0x00000000064f9000 	/System/Library/PrivateFrameworks/AppleJPEG.framework/Versions/A/AppleJPEG
0x00000000064f9000 	/System/Library/Frameworks/ImageIO.framework/Versions/A/Resources/libJPEG.dylib
0x00000000064f9000 	/System/Library/Frameworks/ImageIO.framework/Versions/A/Resources/libTIFF.dylib
0x00000000064f9000 	/System/Library/Frameworks/ImageIO.framework/Versions/A/Resources/libPng.dylib
0x00000000064f9000 	/System/Library/Frameworks/ImageIO.framework/Versions/A/Resources/libGIF.dylib
0x00000000064f9000 	/System/Library/Frameworks/ImageIO.framework/Versions/A/Resources/libJP2.dylib
0x00000000064f9000 	/System/Library/Frameworks/ImageIO.framework/Versions/A/Resources/libRadiance.dylib
0x00000000064f9000 	/System/Library/Frameworks/CoreVideo.framework/Versions/A/CoreVideo
0x00000000064f9000 	/System/Library/Frameworks/OpenGL.framework/Versions/A/Libraries/libGLU.dylib
0x00000000064f9000 	/System/Library/Frameworks/OpenGL.framework/Versions/A/Libraries/libGFXShared.dylib
0x00000000064f9000 	/System/Library/Frameworks/OpenGL.framework/Versions/A/Libraries/libGL.dylib
0x00000000064f9000 	/System/Library/Frameworks/OpenGL.framework/Versions/A/Libraries/libGLImage.dylib
0x00000000064f9000 	/System/Library/Frameworks/OpenGL.framework/Versions/A/Libraries/libCVMSPluginSupport.dylib
0x00000000064f9000 	/System/Library/Frameworks/OpenGL.framework/Versions/A/Libraries/libCoreVMClient.dylib
0x00000000064f9000 	/usr/lib/libcups.2.dylib
0x00000000064f9000 	/System/Library/Frameworks/Kerberos.framework/Versions/A/Kerberos
0x00000000064f9000 	/System/Library/Frameworks/GSS.framework/Versions/A/GSS
0x00000000064f9000 	/usr/lib/libresolv.9.dylib
0x00000000064f9000 	/usr/lib/libiconv.2.dylib
0x00000000064f9000 	/System/Library/PrivateFrameworks/Heimdal.framework/Versions/A/Heimdal
0x00000000064f9000 	/usr/lib/libheimdal-asn1.dylib
0x00000000064f9000 	/System/Library/Frameworks/OpenDirectory.framework/Versions/A/OpenDirectory
0x00000000064f9000 	/System/Library/PrivateFrameworks/CommonAuth.framework/Versions/A/CommonAuth
0x00000000064f9000 	/System/Library/Frameworks/OpenDirectory.framework/Versions/A/Frameworks/CFOpenDirectory.framework/Versions/A/CFOpenDirectory
0x00000000064f9000 	/System/Library/Frameworks/SecurityFoundation.framework/Versions/A/SecurityFoundation
0x00000000064f9000 	/System/Library/PrivateFrameworks/LanguageModeling.framework/Versions/A/LanguageModeling
0x00000000064f9000 	/usr/lib/libmarisa.dylib
0x00000000064f9000 	/usr/lib/libChineseTokenizer.dylib
0x00000000064f9000 	/usr/lib/libcmph.dylib
0x00000000064f9000 	/usr/lib/libcompression.dylib
0x00000000064f9000 	/System/Library/Frameworks/ServiceManagement.framework/Versions/A/ServiceManagement
0x00000000064f9000 	/usr/lib/libxslt.1.dylib
0x00000000064f9000 	/System/Library/Frameworks/Carbon.framework/Versions/A/Frameworks/Ink.framework/Versions/A/Ink
0x00000000064f9000 	/usr/lib/libFosl_dynamic.dylib
0x00000000064f9000 	/System/Library/PrivateFrameworks/FaceCore.framework/Versions/A/FaceCore
0x00000000064f9000 	/System/Library/Frameworks/OpenCL.framework/Versions/A/OpenCL
0x00000000064f9000 	/System/Library/PrivateFrameworks/CrashReporterSupport.framework/Versions/A/CrashReporterSupport
0x00000000064f9000 	/System/Library/PrivateFrameworks/IconServices.framework/Versions/A/IconServices
0x00000000064f9000 	/System/Library/PrivateFrameworks/Apple80211.framework/Versions/A/Apple80211
0x00000000064f9000 	/System/Library/Frameworks/CoreWLAN.framework/Versions/A/CoreWLAN
0x00000000064f9000 	/System/Library/Frameworks/IOBluetooth.framework/Versions/A/IOBluetooth
0x00000000064f9000 	/System/Library/PrivateFrameworks/CoreWiFi.framework/Versions/A/CoreWiFi
0x00000000064f9000 	/System/Library/Frameworks/CoreBluetooth.framework/Versions/A/CoreBluetooth
0x00000000064f9000 	/System/Library/PrivateFrameworks/ChunkingLibrary.framework/Versions/A/ChunkingLibrary
0x00000000064f9000 	/System/Library/PrivateFrameworks/DebugSymbols.framework/Versions/A/DebugSymbols
0x00000000064f9000 	/System/Library/PrivateFrameworks/CoreSymbolication.framework/Versions/A/CoreSymbolication
0x00000000064f9000 	/System/Library/PrivateFrameworks/Symbolication.framework/Versions/A/Symbolication
0x00000000064f9000 	/System/Library/PrivateFrameworks/SpeechRecognitionCore.framework/Versions/A/SpeechRecognitionCore
0x0000000108a00000 	/Library/Java/JavaVirtualMachines/jdk1.8.0_51.jdk/Contents/Home/jre/lib/server/libjvm.dylib
0x00000000064f9000 	/usr/lib/libstdc++.6.dylib
0x000000010794f000 	/Library/Java/JavaVirtualMachines/jdk1.8.0_51.jdk/Contents/Home/jre/lib/libverify.dylib
0x000000010795d000 	/Library/Java/JavaVirtualMachines/jdk1.8.0_51.jdk/Contents/Home/jre/lib/libjava.dylib
0x0000000107993000 	/Library/Java/JavaVirtualMachines/jdk1.8.0_51.jdk/Contents/Home/jre/lib/libjdwp.dylib
0x00000001079de000 	/Library/Java/JavaVirtualMachines/jdk1.8.0_51.jdk/Contents/Home/jre/lib/libnpt.dylib
0x0000000109969000 	/Library/Java/JavaVirtualMachines/jdk1.8.0_51.jdk/Contents/Home/jre/lib/libinstrument.dylib
0x00000001079ec000 	/Library/Java/JavaVirtualMachines/jdk1.8.0_51.jdk/Contents/Home/jre/lib/libzip.dylib
0x000000011da0f000 	/System/Library/Frameworks/JavaVM.framework/Frameworks/JavaRuntimeSupport.framework/JavaRuntimeSupport
0x000000011da2a000 	/System/Library/Frameworks/JavaVM.framework/Versions/A/Frameworks/JavaNativeFoundation.framework/Versions/A/JavaNativeFoundation
0x000000011da3f000 	/System/Library/Frameworks/JavaVM.framework/Versions/A/JavaVM
0x00000000064f9000 	/System/Library/Frameworks/Carbon.framework/Versions/A/Carbon
0x000000011da4c000 	/System/Library/PrivateFrameworks/JavaLaunching.framework/Versions/A/JavaLaunching
0x00000000064f9000 	/System/Library/Frameworks/Carbon.framework/Versions/A/Frameworks/CommonPanels.framework/Versions/A/CommonPanels
0x00000000064f9000 	/System/Library/Frameworks/Carbon.framework/Versions/A/Frameworks/Help.framework/Versions/A/Help
0x00000000064f9000 	/System/Library/Frameworks/Carbon.framework/Versions/A/Frameworks/ImageCapture.framework/Versions/A/ImageCapture
0x00000000064f9000 	/System/Library/Frameworks/Carbon.framework/Versions/A/Frameworks/OpenScripting.framework/Versions/A/OpenScripting
0x00000000064f9000 	/System/Library/Frameworks/Carbon.framework/Versions/A/Frameworks/Print.framework/Versions/A/Print
0x00000000064f9000 	/System/Library/Frameworks/Carbon.framework/Versions/A/Frameworks/SecurityHI.framework/Versions/A/SecurityHI
0x00000001079f9000 	/Library/Java/JavaVirtualMachines/jdk1.8.0_51.jdk/Contents/Home/jre/lib/libdt_socket.dylib

VM Arguments:
jvm_args: -agentlib:jdwp=transport=dt_socket,address=127.0.0.1:51999,suspend=y,server=n -ea -javaagent:/Users/benmassey/Library/Caches/IntelliJIdea2016.1/groovyHotSwap/gragent.jar -Didea.junit.sm_runner -Dfile.encoding=UTF-8 
java_command: com.intellij.rt.execution.junit.JUnitStarter -ideVersion5 reader.WebPageReaderTest,getGoodsItemsAsJsonIsCorrect
java_class_path (initial): /Applications/IntelliJ IDEA.app/Contents/lib/idea_rt.jar:/Applications/IntelliJ IDEA.app/Contents/plugins/junit/lib/junit-rt.jar:/Library/Java/JavaVirtualMachines/jdk1.8.0_51.jdk/Contents/Home/jre/lib/charsets.jar:/Library/Java/JavaVirtualMachines/jdk1.8.0_51.jdk/Contents/Home/jre/lib/deploy.jar:/Library/Java/JavaVirtualMachines/jdk1.8.0_51.jdk/Contents/Home/jre/lib/ext/cldrdata.jar:/Library/Java/JavaVirtualMachines/jdk1.8.0_51.jdk/Contents/Home/jre/lib/ext/dnsns.jar:/Library/Java/JavaVirtualMachines/jdk1.8.0_51.jdk/Contents/Home/jre/lib/ext/jfxrt.jar:/Library/Java/JavaVirtualMachines/jdk1.8.0_51.jdk/Contents/Home/jre/lib/ext/localedata.jar:/Library/Java/JavaVirtualMachines/jdk1.8.0_51.jdk/Contents/Home/jre/lib/ext/nashorn.jar:/Library/Java/JavaVirtualMachines/jdk1.8.0_51.jdk/Contents/Home/jre/lib/ext/sunec.jar:/Library/Java/JavaVirtualMachines/jdk1.8.0_51.jdk/Contents/Home/jre/lib/ext/sunjce_provider.jar:/Library/Java/JavaVirtualMachines/jdk1.8.0_51.jdk/Contents/Home/jre/lib/ext/sunpkcs11.jar:/Library/Java/JavaVirtualMachines/jdk1.8.0_51.jdk/Contents/Home/jre/lib/ext/zipfs.jar:/Library/Java/JavaVirtualMachines/jdk1.8.0_51.jdk/Contents/Home/jre/lib/javaws.jar:/Library/Java/JavaVirtualMachines/jdk1.8.0_51.jdk/Contents/Home/jre/lib/jce.jar:/Library/Java/JavaVirtualMachines/jdk1.8.0_51.jdk/Contents/Home/jre/lib/jfr.jar:/Library/Java/JavaVirtualMachines/jdk1.8.0_51.jdk/Contents/Home/jre/lib/jfxswt.jar:/Library/Java/JavaVirtualMachines/jdk1.8.0_51.jdk/Contents/Home/jre/lib/jsse.jar:/Library/Java/JavaVirtualMachines/jdk1.8.0_51.jdk/Contents/Home/jre/lib/management-agent.jar:/Library/Java/JavaVirtualMachines/jdk1.8.0_51.jdk/Contents/Home/jre/lib/plugin.jar:/Library/Java/JavaVirtualMachines/jdk1.8.0_51.jdk/Contents/Home/jre/lib/resources.jar:/Library/Java/JavaVirtualMachines/jdk1.8.0_51.jdk/Contents/Home/jre/lib/rt.jar:/Library/Java/JavaVirtualMachines/jdk1.8.0_51.jdk/Contents/Home/lib/ant-javafx.jar:/Library/Java/JavaVirtualMachines/jdk1.8.0_51
Launcher Type: SUN_STANDARD

Environment Variables:
JAVA_HOME=/Library/Java/JavaVirtualMachines/jdk1.8.0_51.jdk/Contents/Home
PATH=/Users/benmassey/Development/apache-maven-3.2.2/bin:/Library/Java/JavaVirtualMachines/jdk1.8.0_51.jdk/Contents/Home/bin:/Users/benmassey/bin:/usr/local/bin:/usr/local/mysql-5.6.30-osx10.11-x86_64/bin:/usr/bin:/bin:/usr/sbin:/sbin:/usr/local/bin:/opt/X11/bin:/Users/benmassey/groovy-2.2.1/bin:/Users/benmassey/Development/gradle-2.6/bin:/Users/benmassey/Dev/activator-dist-1.3.6:/Users/benmassey/Development/SpringBoot_CLI/spring-1.2.7.RELEASE/bin:/Applications/Marmalade.app/Contents/s3e/bin
SHELL=/bin/bash
DISPLAY=/private/tmp/com.apple.launchd.90MtEIinp0/org.macosforge.xquartz:0

Signal Handlers:
SIGSEGV: [libjvm.dylib+0x58ef35], sa_mask[0]=11111111011111110111111111111111, sa_flags=SA_ONSTACK|SA_RESTART|SA_SIGINFO
SIGBUS: [libjvm.dylib+0x58ef35], sa_mask[0]=11111111011111110111111111111111, sa_flags=SA_RESTART|SA_SIGINFO
SIGFPE: [libjvm.dylib+0x46c028], sa_mask[0]=11111111011111110111111111111111, sa_flags=SA_RESTART|SA_SIGINFO
SIGPIPE: [libjvm.dylib+0x46c028], sa_mask[0]=11111111011111110111111111111111, sa_flags=SA_RESTART|SA_SIGINFO
SIGXFSZ: [libjvm.dylib+0x46c028], sa_mask[0]=11111111011111110111111111111111, sa_flags=SA_RESTART|SA_SIGINFO
SIGILL: [libjvm.dylib+0x46c028], sa_mask[0]=11111111011111110111111111111111, sa_flags=SA_RESTART|SA_SIGINFO
SIGUSR1: SIG_DFL, sa_mask[0]=00000000000000000000000000000000, sa_flags=none
SIGUSR2: [libjvm.dylib+0x46bb46], sa_mask[0]=00100000000000000000000000000000, sa_flags=SA_RESTART|SA_SIGINFO
SIGHUP: [libjvm.dylib+0x46a119], sa_mask[0]=11111111011111110111111111111111, sa_flags=SA_RESTART|SA_SIGINFO
SIGINT: [libjvm.dylib+0x46a119], sa_mask[0]=11111111011111110111111111111111, sa_flags=SA_RESTART|SA_SIGINFO
SIGTERM: [libjvm.dylib+0x46a119], sa_mask[0]=11111111011111110111111111111111, sa_flags=SA_RESTART|SA_SIGINFO
SIGQUIT: [libjvm.dylib+0x46a119], sa_mask[0]=11111111011111110111111111111111, sa_flags=SA_RESTART|SA_SIGINFO


---------------  S Y S T E M  ---------------

OS:Bsduname:Darwin 15.3.0 Darwin Kernel Version 15.3.0: Thu Dec 10 18:40:58 PST 2015; root:xnu-3248.30.4~1/RELEASE_X86_64 x86_64
rlimit: STACK 8192k, CORE 0k, NPROC 709, NOFILE 10240, AS infinity
load average:4.34 3.77 3.16

CPU:total 8 (4 cores per cpu, 2 threads per core) family 6 model 58 stepping 9, cmov, cx8, fxsr, mmx, sse, sse2, sse3, ssse3, sse4.1, sse4.2, popcnt, avx, aes, clmul, erms, ht, tsc, tscinvbit, tscinv

Memory: 4k page, physical 4194304k(25488k free)

/proc/meminfo:


vm_info: Java HotSpot(TM) 64-Bit Server VM (25.51-b03) for bsd-amd64 JRE (1.8.0_51-b16), built on Jun  8 2015 18:01:11 by "java_re" with gcc 4.2.1 (Based on Apple Inc. build 5658) (LLVM build 2336.11.00)

time: Sun Jul  3 18:17:40 2016
elapsed time: 673 seconds (0d 0h 11m 13s)

